[2022-07-09 16:35:04.166] [exthost] [info] Extension host with pid 53663 started
[2022-07-09 16:35:04.166] [exthost] [info] Skipping acquiring lock for /home/lazy/.config/Code - OSS/User/workspaceStorage/4a8f3b555fed5074dfdcdf8399c16ba0.
[2022-07-09 16:35:04.239] [exthost] [info] ExtensionService#_doActivateExtension vscode.html-language-features, startup: false, activationEvent: 'onLanguage:html'
[2022-07-09 16:35:04.271] [exthost] [info] ExtensionService#_doActivateExtension vscode.debug-auto-launch, startup: true, activationEvent: '*'
[2022-07-09 16:35:04.276] [exthost] [info] ExtensionService#_doActivateExtension vscode.git-base, startup: true, activationEvent: '*', root cause: vscode.git
[2022-07-09 16:35:04.280] [exthost] [info] ExtensionService#_doActivateExtension vscode.ipynb, startup: true, activationEvent: '*'
[2022-07-09 16:35:04.286] [exthost] [info] ExtensionService#_doActivateExtension formulahendry.auto-close-tag, startup: true, activationEvent: '*'
[2022-07-09 16:35:04.289] [exthost] [info] ExtensionService#_doActivateExtension formulahendry.auto-rename-tag, startup: true, activationEvent: '*'
[2022-07-09 16:35:04.301] [exthost] [info] ExtensionService#_doActivateExtension yandeu.five-server, startup: true, activationEvent: '*'
[2022-07-09 16:35:04.372] [exthost] [info] ExtensionService#_doActivateExtension vscode.git, startup: true, activationEvent: '*'
[2022-07-09 16:35:04.413] [exthost] [info] ExtensionService#_doActivateExtension vscode.github, startup: true, activationEvent: '*'
[2022-07-09 16:35:04.658] [exthost] [info] Eager extensions activated
[2022-07-09 16:35:04.661] [exthost] [info] ExtensionService#_doActivateExtension vscode.emmet, startup: false, activationEvent: 'onStartupFinished'
[2022-07-09 16:35:04.674] [exthost] [info] ExtensionService#_doActivateExtension vscode.merge-conflict, startup: false, activationEvent: 'onStartupFinished'
[2022-07-09 16:35:04.677] [exthost] [info] ExtensionService#_doActivateExtension Equinusocio.vsc-material-theme, startup: false, activationEvent: 'onStartupFinished'
[2022-07-09 16:35:04.690] [exthost] [info] ExtensionService#_doActivateExtension equinusocio.vsc-material-theme-icons, startup: false, activationEvent: 'onStartupFinished'
[2022-07-09 16:37:21.336] [exthost] [info] ExtensionService#_doActivateExtension vscode.github-authentication, startup: false, activationEvent: 'onAuthenticationRequest:github'
[2022-07-09 18:52:56.293] [exthost] [info] Extension host terminating: received terminate message from renderer
[2022-07-09 18:52:56.306] [exthost] [error] Error: read ECONNRESET
    at Pipe.onStreamRead (node:internal/stream_base_commons:220:20)
[2022-07-09 18:52:56.307] [exthost] [info] Extension host with pid 53663 exiting with code 0
