INFO 7/12/2022, 10:44:37 AM  launch with argv [/usr/share/typora/Typora]
INFO 7/12/2022, 10:44:37 AM  launchFromDiffVersion, pre version is undefined
INFO 7/12/2022, 10:44:37 AM  start LM in devVersion=false
INFO 7/12/2022, 10:44:37 AM  [Raven] instanceKey = fd671f5c-8998-4f98-bdc6-0b270264884d
INFO 7/12/2022, 10:44:37 AM  [watch L]
INFO 7/12/2022, 10:44:37 AM  ls put SLicense
INFO 7/12/2022, 10:44:37 AM  [L] Read from incorrupted InstallDate
INFO 7/12/2022, 10:44:37 AM  writeInstallDate fromBTime=true
INFO 7/12/2022, 10:44:37 AM  overwriteThemeFolder
INFO 7/12/2022, 10:44:37 AM  ------------------start------------------
INFO 7/12/2022, 10:44:37 AM  typora version: 1.3.6
INFO 7/12/2022, 10:44:37 AM  undefined
INFO 7/12/2022, 10:44:37 AM  ls put IDate
INFO 7/12/2022, 10:44:37 AM  [L] installDate is 7/12/2022, trail remains: 15 days
INFO 7/12/2022, 10:44:37 AM  [watch L] hasL: false
INFO 7/12/2022, 10:44:37 AM  [focus] 1
INFO 7/12/2022, 10:44:37 AM  [Raven] userId = 17955715-282c-42da-b530-3f60bea3a90f
INFO 7/12/2022, 10:44:37 AM  synced recovery
[Error: ENOENT: no such file or directory, open '/home/lazy/.config/Typora/typora-dictionaries/user-dict.json'] {
  errno: [33m-2[39m,
  code: [32m'ENOENT'[39m,
  syscall: [32m'open'[39m,
  path: [32m'/home/lazy/.config/Typora/typora-dictionaries/user-dict.json'[39m
}
INFO 7/12/2022, 10:44:38 AM  handle document.loadData
INFO 7/12/2022, 10:44:38 AM  [RenderProcess 1][Log] [UndoManager] reset commandStack
INFO 7/12/2022, 10:44:38 AM  [RenderProcess 1][Log] reset NodeMap
INFO 7/12/2022, 10:44:38 AM  synced recovery
INFO 7/12/2022, 10:44:38 AM  [RenderProcess 1][Log] onBecomeActive
INFO 7/12/2022, 10:44:38 AM  [RenderProcess 1][Log] File.activeWindow = true
INFO 7/12/2022, 10:44:47 AM  [blur] 1
INFO 7/12/2022, 10:44:47 AM  [win] blur
INFO 7/12/2022, 10:44:57 AM  [focus] 1
INFO 7/12/2022, 10:44:57 AM  [blur] 1
INFO 7/12/2022, 10:44:57 AM  [win] blur
INFO 7/12/2022, 10:44:58 AM  [focus] 1
INFO 7/12/2022, 10:44:58 AM  [blur] 1
INFO 7/12/2022, 10:44:58 AM  [win] blur
INFO 7/12/2022, 10:44:58 AM  [focus] 1
INFO 7/12/2022, 10:44:59 AM  [blur] 1
INFO 7/12/2022, 10:44:59 AM  [win] blur
INFO 7/12/2022, 10:44:59 AM  [focus] 2
INFO 7/12/2022, 10:44:59 AM  synced recovery
INFO 7/12/2022, 10:45:00 AM  handle document.loadData
INFO 7/12/2022, 10:45:00 AM  [RenderProcess 2][Log] [UndoManager] reset commandStack
INFO 7/12/2022, 10:45:00 AM  [RenderProcess 2][Log] reset NodeMap
INFO 7/12/2022, 10:45:00 AM  synced recovery
INFO 7/12/2022, 10:45:00 AM  [RenderProcess 2][Log] onBecomeActive
INFO 7/12/2022, 10:45:00 AM  [RenderProcess 2][Log] File.activeWindow = true
INFO 7/12/2022, 10:45:01 AM  [focus] 1
INFO 7/12/2022, 10:45:01 AM  [blur] 1
INFO 7/12/2022, 10:45:01 AM  [win] blur
INFO 7/12/2022, 10:45:01 AM  [focus] 1
INFO 7/12/2022, 10:45:01 AM  [blur] 1
INFO 7/12/2022, 10:45:01 AM  [win] blur
INFO 7/12/2022, 10:45:01 AM  [focus] 1
INFO 7/12/2022, 10:45:04 AM  synced recovery
INFO 7/12/2022, 10:45:09 AM  synced recovery
INFO 7/12/2022, 10:45:12 AM  synced recovery
INFO 7/12/2022, 10:45:15 AM  synced recovery
INFO 7/12/2022, 10:46:07 AM  [blur] 1
INFO 7/12/2022, 10:46:07 AM  [win] blur
INFO 7/12/2022, 10:46:12 AM  [focus] 1
INFO 7/12/2022, 10:46:12 AM  [blur] 1
INFO 7/12/2022, 10:46:12 AM  [win] blur
INFO 7/12/2022, 10:46:12 AM  [focus] 1
INFO 7/12/2022, 10:46:12 AM  [blur] 1
INFO 7/12/2022, 10:46:12 AM  [win] blur
INFO 7/12/2022, 10:46:12 AM  [focus] 1
INFO 7/12/2022, 10:46:17 AM  synced recovery
INFO 7/12/2022, 10:46:17 AM  ----------------before-quit-----------------
INFO 7/12/2022, 10:46:17 AM  ------------------will-quit------------------
INFO 7/12/2022, 10:46:17 AM  -----------------quit------------------
INFO 7/12/2022, 10:46:17 AM  closeLogging
INFO 7/13/2022, 6:29:23 PM  launch with argv [/usr/share/typora/Typora]
INFO 7/13/2022, 6:29:23 PM  start LM in devVersion=false
INFO 7/13/2022, 6:29:23 PM  [Raven] instanceKey = 962e5760-4a27-49c5-9c6c-a38fd2a68ce0
INFO 7/13/2022, 6:29:23 PM  [watch L]
INFO 7/13/2022, 6:29:23 PM  ls put SLicense
INFO 7/13/2022, 6:29:23 PM  [L] installDate is 7/12/2022, trail remains: 14 days
INFO 7/13/2022, 6:29:23 PM  [watch L] hasL: false
INFO 7/13/2022, 6:29:23 PM  ------------------start------------------
INFO 7/13/2022, 6:29:23 PM  typora version: 1.3.6
INFO 7/13/2022, 6:29:23 PM  undefined
[Error: ENOENT: no such file or directory, open '/home/lazy/.config/Typora/typora-dictionaries/user-dict.json'] {
  errno: [33m-2[39m,
  code: [32m'ENOENT'[39m,
  syscall: [32m'open'[39m,
  path: [32m'/home/lazy/.config/Typora/typora-dictionaries/user-dict.json'[39m
}
INFO 7/13/2022, 6:29:23 PM  [Raven] userId = 17955715-282c-42da-b530-3f60bea3a90f
INFO 7/13/2022, 6:29:23 PM  [focus] 2
INFO 7/13/2022, 6:29:23 PM  synced recovery
INFO 7/13/2022, 6:29:23 PM  [blur] 2
INFO 7/13/2022, 6:29:23 PM  [win] blur
INFO 7/13/2022, 6:29:23 PM  [focus] 1
INFO 7/13/2022, 6:29:24 PM  handle document.loadData
INFO 7/13/2022, 6:29:24 PM  [RenderProcess 2][Log] [UndoManager] reset commandStack
INFO 7/13/2022, 6:29:24 PM  [RenderProcess 2][Log] reset NodeMap
INFO 7/13/2022, 6:29:24 PM  synced recovery
INFO 7/13/2022, 6:29:24 PM  [blur] 1
INFO 7/13/2022, 6:29:24 PM  [focus] 2
INFO 7/13/2022, 6:29:24 PM  [RenderProcess 2][Log] onBecomeActive
INFO 7/13/2022, 6:29:24 PM  [RenderProcess 2][Log] File.activeWindow = true
INFO 7/13/2022, 6:29:25 PM  [blur] 2
INFO 7/13/2022, 6:29:25 PM  [win] blur
INFO 7/13/2022, 6:29:25 PM  [focus] 1
INFO 7/13/2022, 6:29:27 PM  [focus] 2
INFO 7/13/2022, 6:29:27 PM  [blur] 2
INFO 7/13/2022, 6:29:27 PM  [win] blur
INFO 7/13/2022, 6:29:27 PM  [focus] 2
INFO 7/13/2022, 6:29:27 PM  [blur] 2
INFO 7/13/2022, 6:29:27 PM  [win] blur
INFO 7/13/2022, 6:29:27 PM  [focus] 2
INFO 7/13/2022, 6:29:34 PM  [blur] 2
INFO 7/13/2022, 6:29:34 PM  [win] blur
INFO 7/13/2022, 6:29:43 PM  [focus] 2
INFO 7/13/2022, 6:29:45 PM  synced recovery
INFO 7/13/2022, 6:29:46 PM  [blur] 2
INFO 7/13/2022, 6:29:46 PM  [win] blur
INFO 7/13/2022, 6:30:59 PM  [focus] 2
INFO 7/13/2022, 6:31:03 PM  synced recovery
INFO 7/13/2022, 6:31:05 PM  synced recovery
INFO 7/13/2022, 6:31:09 PM  synced recovery
INFO 7/13/2022, 6:31:10 PM  synced recovery
INFO 7/13/2022, 6:31:11 PM  [blur] 2
INFO 7/13/2022, 6:31:11 PM  [win] blur
INFO 7/13/2022, 6:32:28 PM  [focus] 2
INFO 7/13/2022, 6:32:31 PM  synced recovery
INFO 7/13/2022, 6:32:39 PM  synced recovery
INFO 7/13/2022, 6:32:41 PM  synced recovery
INFO 7/13/2022, 6:33:04 PM  [blur] 2
INFO 7/13/2022, 6:33:04 PM  [win] blur
INFO 7/13/2022, 6:35:13 PM  [focus] 2
INFO 7/13/2022, 6:35:14 PM  [blur] 2
INFO 7/13/2022, 6:35:14 PM  [win] blur
INFO 7/13/2022, 6:35:14 PM  [focus] 2
INFO 7/13/2022, 6:35:18 PM  synced recovery
INFO 7/13/2022, 6:35:26 PM  synced recovery
INFO 7/13/2022, 6:35:30 PM  synced recovery
INFO 7/13/2022, 6:35:35 PM  synced recovery
INFO 7/13/2022, 6:35:39 PM  synced recovery
INFO 7/13/2022, 6:35:48 PM  synced recovery
INFO 7/13/2022, 6:35:57 PM  synced recovery
INFO 7/13/2022, 6:36:00 PM  synced recovery
INFO 7/13/2022, 6:36:04 PM  synced recovery
INFO 7/13/2022, 6:36:08 PM  synced recovery
INFO 7/13/2022, 6:36:11 PM  synced recovery
INFO 7/13/2022, 6:36:16 PM  synced recovery
INFO 7/13/2022, 6:36:19 PM  synced recovery
INFO 7/13/2022, 6:36:23 PM  synced recovery
INFO 7/13/2022, 6:36:24 PM  synced recovery
INFO 7/13/2022, 6:36:28 PM  synced recovery
INFO 7/13/2022, 6:36:32 PM  synced recovery
INFO 7/13/2022, 6:36:37 PM  synced recovery
INFO 7/13/2022, 6:36:42 PM  synced recovery
INFO 7/13/2022, 6:36:46 PM  synced recovery
INFO 7/13/2022, 6:36:50 PM  synced recovery
INFO 7/13/2022, 6:36:57 PM  synced recovery
INFO 7/13/2022, 6:37:00 PM  synced recovery
INFO 7/13/2022, 6:37:06 PM  synced recovery
INFO 7/13/2022, 6:37:11 PM  synced recovery
INFO 7/13/2022, 6:37:14 PM  synced recovery
INFO 7/13/2022, 6:37:19 PM  synced recovery
INFO 7/13/2022, 6:37:23 PM  synced recovery
INFO 7/13/2022, 6:37:28 PM  synced recovery
INFO 7/13/2022, 6:37:31 PM  synced recovery
INFO 7/13/2022, 6:37:32 PM  synced recovery
INFO 7/13/2022, 6:37:34 PM  synced recovery
INFO 7/13/2022, 6:37:36 PM  synced recovery
INFO 7/13/2022, 6:37:41 PM  synced recovery
INFO 7/13/2022, 6:37:43 PM  synced recovery
INFO 7/13/2022, 6:37:48 PM  synced recovery
INFO 7/13/2022, 6:37:50 PM  synced recovery
INFO 7/13/2022, 6:37:52 PM  synced recovery
INFO 7/13/2022, 6:37:54 PM  synced recovery
INFO 7/13/2022, 6:38:00 PM  synced recovery
INFO 7/13/2022, 6:38:01 PM  synced recovery
INFO 7/13/2022, 6:38:05 PM  synced recovery
INFO 7/13/2022, 6:38:12 PM  synced recovery
INFO 7/13/2022, 6:38:16 PM  synced recovery
INFO 7/13/2022, 6:38:22 PM  synced recovery
INFO 7/13/2022, 6:38:54 PM  synced recovery
INFO 7/13/2022, 6:38:58 PM  synced recovery
INFO 7/13/2022, 6:39:02 PM  synced recovery
INFO 7/13/2022, 6:39:05 PM  synced recovery
INFO 7/13/2022, 6:39:10 PM  synced recovery
INFO 7/13/2022, 6:39:12 PM  synced recovery
INFO 7/13/2022, 6:39:15 PM  synced recovery
INFO 7/13/2022, 6:39:24 PM  synced recovery
INFO 7/13/2022, 6:39:25 PM  synced recovery
INFO 7/13/2022, 6:39:27 PM  synced recovery
INFO 7/13/2022, 6:39:34 PM  synced recovery
INFO 7/13/2022, 6:39:38 PM  synced recovery
INFO 7/13/2022, 6:39:40 PM  synced recovery
INFO 7/13/2022, 6:39:48 PM  synced recovery
INFO 7/13/2022, 6:39:53 PM  synced recovery
INFO 7/13/2022, 6:39:58 PM  synced recovery
INFO 7/13/2022, 6:41:13 PM  synced recovery
INFO 7/13/2022, 6:41:15 PM  synced recovery
INFO 7/13/2022, 6:41:21 PM  synced recovery
INFO 7/13/2022, 6:41:24 PM  synced recovery
INFO 7/13/2022, 6:41:27 PM  synced recovery
INFO 7/13/2022, 6:41:29 PM  synced recovery
INFO 7/13/2022, 6:41:32 PM  synced recovery
INFO 7/13/2022, 6:41:36 PM  synced recovery
INFO 7/13/2022, 6:41:39 PM  synced recovery
INFO 7/13/2022, 6:41:43 PM  synced recovery
INFO 7/13/2022, 6:41:46 PM  synced recovery
INFO 7/13/2022, 6:41:59 PM  synced recovery
INFO 7/13/2022, 6:42:03 PM  synced recovery
INFO 7/13/2022, 6:42:06 PM  synced recovery
INFO 7/13/2022, 6:42:11 PM  synced recovery
INFO 7/13/2022, 6:42:14 PM  synced recovery
INFO 7/13/2022, 6:42:19 PM  synced recovery
INFO 7/13/2022, 6:42:21 PM  synced recovery
INFO 7/13/2022, 6:42:24 PM  synced recovery
INFO 7/13/2022, 6:42:27 PM  synced recovery
INFO 7/13/2022, 6:42:28 PM  synced recovery
INFO 7/13/2022, 6:42:30 PM  synced recovery
INFO 7/13/2022, 6:42:36 PM  synced recovery
INFO 7/13/2022, 6:42:38 PM  synced recovery
INFO 7/13/2022, 6:42:43 PM  synced recovery
INFO 7/13/2022, 6:42:44 PM  synced recovery
INFO 7/13/2022, 6:43:08 PM  [blur] 2
INFO 7/13/2022, 6:43:08 PM  [win] blur
INFO 7/13/2022, 6:43:39 PM  [focus] 2
INFO 7/13/2022, 6:43:40 PM  [blur] 2
INFO 7/13/2022, 6:43:40 PM  [win] blur
INFO 7/13/2022, 6:43:59 PM  [focus] 2
INFO 7/13/2022, 6:44:03 PM  synced recovery
INFO 7/13/2022, 6:44:06 PM  [blur] 2
INFO 7/13/2022, 6:44:06 PM  [win] blur
INFO 7/13/2022, 6:44:17 PM  [focus] 2
INFO 7/13/2022, 6:44:18 PM  [blur] 2
INFO 7/13/2022, 6:44:18 PM  [win] blur
INFO 7/13/2022, 6:44:18 PM  [focus] 2
INFO 7/13/2022, 6:44:25 PM  synced recovery
INFO 7/13/2022, 6:44:29 PM  synced recovery
INFO 7/13/2022, 6:44:32 PM  synced recovery
INFO 7/13/2022, 6:44:41 PM  synced recovery
INFO 7/13/2022, 6:44:42 PM  synced recovery
INFO 7/13/2022, 6:44:44 PM  synced recovery
INFO 7/13/2022, 6:44:47 PM  synced recovery
INFO 7/13/2022, 6:44:51 PM  synced recovery
INFO 7/13/2022, 6:45:02 PM  synced recovery
INFO 7/13/2022, 6:45:06 PM  synced recovery
INFO 7/13/2022, 6:45:17 PM  synced recovery
INFO 7/13/2022, 6:45:20 PM  synced recovery
INFO 7/13/2022, 6:45:23 PM  synced recovery
INFO 7/13/2022, 6:45:25 PM  synced recovery
INFO 7/13/2022, 6:45:29 PM  synced recovery
INFO 7/13/2022, 7:00:57 PM  synced recovery
INFO 7/13/2022, 7:01:00 PM  synced recovery
INFO 7/13/2022, 7:01:01 PM  synced recovery
INFO 7/13/2022, 7:01:04 PM  synced recovery
INFO 7/13/2022, 7:01:34 PM  synced recovery
INFO 7/13/2022, 7:01:43 PM  synced recovery
INFO 7/13/2022, 7:01:49 PM  synced recovery
INFO 7/13/2022, 7:01:50 PM  synced recovery
INFO 7/13/2022, 7:01:54 PM  synced recovery
INFO 7/13/2022, 7:01:57 PM  synced recovery
INFO 7/13/2022, 7:02:01 PM  synced recovery
INFO 7/13/2022, 7:02:05 PM  synced recovery
INFO 7/13/2022, 7:02:08 PM  synced recovery
INFO 7/13/2022, 7:02:10 PM  synced recovery
INFO 7/13/2022, 7:02:14 PM  synced recovery
INFO 7/13/2022, 7:02:17 PM  synced recovery
INFO 7/13/2022, 7:02:22 PM  synced recovery
INFO 7/13/2022, 7:02:28 PM  synced recovery
INFO 7/13/2022, 7:02:33 PM  synced recovery
INFO 7/13/2022, 7:02:37 PM  synced recovery
INFO 7/13/2022, 7:02:41 PM  synced recovery
INFO 7/13/2022, 7:02:43 PM  synced recovery
INFO 7/13/2022, 7:02:45 PM  synced recovery
INFO 7/13/2022, 7:02:50 PM  synced recovery
INFO 7/13/2022, 7:03:13 PM  synced recovery
INFO 7/13/2022, 7:03:18 PM  synced recovery
INFO 7/13/2022, 7:03:21 PM  synced recovery
INFO 7/13/2022, 7:03:22 PM  synced recovery
INFO 7/13/2022, 7:03:30 PM  synced recovery
INFO 7/13/2022, 7:03:31 PM  synced recovery
INFO 7/13/2022, 7:03:33 PM  synced recovery
INFO 7/13/2022, 7:03:35 PM  [blur] 2
INFO 7/13/2022, 7:03:35 PM  [win] blur
INFO 7/13/2022, 7:03:48 PM  [focus] 2
INFO 7/13/2022, 7:03:54 PM  synced recovery
INFO 7/13/2022, 7:03:55 PM  synced recovery
INFO 7/13/2022, 7:04:45 PM  synced recovery
INFO 7/13/2022, 7:05:01 PM  synced recovery
INFO 7/13/2022, 7:05:02 PM  synced recovery
INFO 7/13/2022, 7:05:06 PM  synced recovery
INFO 7/13/2022, 7:05:12 PM  synced recovery
INFO 7/13/2022, 7:05:16 PM  synced recovery
INFO 7/13/2022, 7:05:20 PM  synced recovery
INFO 7/13/2022, 7:05:25 PM  synced recovery
INFO 7/13/2022, 7:05:27 PM  synced recovery
INFO 7/13/2022, 7:05:34 PM  synced recovery
INFO 7/13/2022, 7:05:37 PM  synced recovery
INFO 7/13/2022, 7:05:49 PM  synced recovery
INFO 7/13/2022, 7:05:56 PM  synced recovery
INFO 7/13/2022, 7:05:58 PM  synced recovery
INFO 7/13/2022, 7:06:00 PM  synced recovery
INFO 7/13/2022, 7:06:02 PM  synced recovery
INFO 7/13/2022, 7:06:07 PM  synced recovery
INFO 7/13/2022, 7:06:11 PM  synced recovery
INFO 7/13/2022, 7:06:13 PM  synced recovery
INFO 7/13/2022, 7:06:18 PM  synced recovery
INFO 7/13/2022, 7:06:32 PM  synced recovery
INFO 7/13/2022, 7:06:50 PM  synced recovery
INFO 7/13/2022, 7:06:51 PM  synced recovery
INFO 7/13/2022, 7:06:52 PM  synced recovery
INFO 7/13/2022, 7:07:02 PM  [blur] 2
INFO 7/13/2022, 7:07:02 PM  [win] blur
INFO 7/13/2022, 7:34:29 PM  [focus] 2
INFO 7/13/2022, 7:34:31 PM  [blur] 2
INFO 7/13/2022, 7:34:31 PM  [win] blur
INFO 7/13/2022, 7:34:33 PM  [focus] 2
INFO 7/13/2022, 7:34:38 PM  synced recovery
INFO 7/13/2022, 7:34:38 PM  ----------------before-quit-----------------
INFO 7/13/2022, 7:34:38 PM  ------------------will-quit------------------
INFO 7/13/2022, 7:34:38 PM  -----------------quit------------------
INFO 7/13/2022, 7:34:38 PM  closeLogging
INFO 7/15/2022, 11:24:58 AM  launch with argv [/usr/share/typora/Typora]
INFO 7/15/2022, 11:24:58 AM  start LM in devVersion=false
INFO 7/15/2022, 11:24:58 AM  [Raven] instanceKey = f878982c-5cfb-4911-a327-0f0d01568782
INFO 7/15/2022, 11:24:58 AM  [watch L]
INFO 7/15/2022, 11:24:58 AM  ls put SLicense
INFO 7/15/2022, 11:24:58 AM  [L] installDate is 7/12/2022, trail remains: 12 days
INFO 7/15/2022, 11:24:58 AM  [watch L] hasL: false
INFO 7/15/2022, 11:24:58 AM  ------------------start------------------
INFO 7/15/2022, 11:24:58 AM  typora version: 1.3.6
INFO 7/15/2022, 11:24:58 AM  undefined
[Error: ENOENT: no such file or directory, open '/home/lazy/.config/Typora/typora-dictionaries/user-dict.json'] {
  errno: [33m-2[39m,
  code: [32m'ENOENT'[39m,
  syscall: [32m'open'[39m,
  path: [32m'/home/lazy/.config/Typora/typora-dictionaries/user-dict.json'[39m
}
INFO 7/15/2022, 11:24:58 AM  [Raven] userId = 17955715-282c-42da-b530-3f60bea3a90f
INFO 7/15/2022, 11:24:58 AM  [focus] 1
INFO 7/15/2022, 11:24:58 AM  synced recovery
INFO 7/15/2022, 11:24:59 AM  handle document.loadData
INFO 7/15/2022, 11:24:59 AM  [RenderProcess 1][Log] [UndoManager] reset commandStack
INFO 7/15/2022, 11:24:59 AM  [RenderProcess 1][Log] reset NodeMap
INFO 7/15/2022, 11:24:59 AM  synced recovery
INFO 7/15/2022, 11:24:59 AM  [RenderProcess 1][Log] onBecomeActive
INFO 7/15/2022, 11:24:59 AM  [RenderProcess 1][Log] File.activeWindow = true
INFO 7/15/2022, 11:25:03 AM  [blur] 1
INFO 7/15/2022, 11:25:03 AM  [win] blur
INFO 7/15/2022, 11:25:07 AM  [focus] 1
INFO 7/15/2022, 11:25:07 AM  [blur] 1
INFO 7/15/2022, 11:25:07 AM  [win] blur
INFO 7/15/2022, 11:25:07 AM  [focus] 1
INFO 7/15/2022, 11:25:07 AM  [blur] 1
INFO 7/15/2022, 11:25:07 AM  [win] blur
INFO 7/15/2022, 11:25:07 AM  [focus] 1
INFO 7/15/2022, 11:25:07 AM  addRecentDocument
INFO 7/15/2022, 11:25:07 AM  [RenderProcess 1][Log] [UndoManager] reset commandStack
INFO 7/15/2022, 11:25:07 AM  [RenderProcess 1][Log] reset NodeMap
INFO 7/15/2022, 11:25:07 AM  [RenderProcess 1][Log] readContentFrom /home/lazy/Notes/Cycle GAN.md
INFO 7/15/2022, 11:25:07 AM  synced recovery
INFO 7/15/2022, 11:25:13 AM  synced recovery
INFO 7/15/2022, 11:25:19 AM  synced recovery
INFO 7/15/2022, 11:25:21 AM  [blur] 1
INFO 7/15/2022, 11:25:21 AM  [win] blur
INFO 7/15/2022, 11:27:14 AM  [focus] 1
INFO 7/15/2022, 11:27:14 AM  [blur] 1
INFO 7/15/2022, 11:27:14 AM  [win] blur
INFO 7/15/2022, 11:36:54 AM  [focus] 1
INFO 7/15/2022, 11:36:56 AM  [blur] 1
INFO 7/15/2022, 11:36:56 AM  [win] blur
INFO 7/15/2022, 11:39:19 AM  [focus] 1
INFO 7/15/2022, 11:39:25 AM  synced recovery
INFO 7/15/2022, 11:39:28 AM  synced recovery
INFO 7/15/2022, 11:39:35 AM  synced recovery
INFO 7/15/2022, 11:39:39 AM  synced recovery
INFO 7/15/2022, 11:39:42 AM  synced recovery
INFO 7/15/2022, 11:39:43 AM  synced recovery
INFO 7/15/2022, 11:39:44 AM  synced recovery
INFO 7/15/2022, 11:39:46 AM  synced recovery
INFO 7/15/2022, 11:39:49 AM  synced recovery
INFO 7/15/2022, 11:39:56 AM  synced recovery
INFO 7/15/2022, 11:39:58 AM  synced recovery
INFO 7/15/2022, 11:39:59 AM  synced recovery
INFO 7/15/2022, 11:40:02 AM  synced recovery
INFO 7/15/2022, 11:40:05 AM  synced recovery
INFO 7/15/2022, 11:40:11 AM  [blur] 1
INFO 7/15/2022, 11:40:11 AM  [win] blur
INFO 7/15/2022, 11:41:00 AM  [focus] 1
INFO 7/15/2022, 11:41:00 AM  [blur] 1
INFO 7/15/2022, 11:41:00 AM  [win] blur
INFO 7/15/2022, 11:41:05 AM  [focus] 1
INFO 7/15/2022, 11:41:06 AM  synced recovery
INFO 7/15/2022, 11:41:11 AM  synced recovery
INFO 7/15/2022, 11:41:12 AM  synced recovery
INFO 7/15/2022, 11:41:14 AM  synced recovery
INFO 7/15/2022, 11:41:16 AM  [blur] 1
INFO 7/15/2022, 11:41:16 AM  [win] blur
INFO 7/15/2022, 11:41:49 AM  [focus] 1
INFO 7/15/2022, 11:41:52 AM  synced recovery
INFO 7/15/2022, 11:41:54 AM  synced recovery
INFO 7/15/2022, 11:41:59 AM  synced recovery
INFO 7/15/2022, 11:42:00 AM  synced recovery
INFO 7/15/2022, 11:42:04 AM  synced recovery
INFO 7/15/2022, 11:42:05 AM  synced recovery
INFO 7/15/2022, 11:42:09 AM  synced recovery
INFO 7/15/2022, 11:42:09 AM  [blur] 1
INFO 7/15/2022, 11:42:09 AM  [win] blur
INFO 7/15/2022, 11:42:11 AM  [focus] 1
INFO 7/15/2022, 11:42:14 AM  synced recovery
INFO 7/15/2022, 11:42:17 AM  synced recovery
INFO 7/15/2022, 11:42:21 AM  synced recovery
INFO 7/15/2022, 11:42:23 AM  synced recovery
INFO 7/15/2022, 11:42:24 AM  [blur] 1
INFO 7/15/2022, 11:42:24 AM  [win] blur
INFO 7/15/2022, 11:42:24 AM  synced recovery
INFO 7/15/2022, 11:51:26 AM  [focus] 1
INFO 7/15/2022, 11:51:28 AM  [blur] 1
INFO 7/15/2022, 11:51:28 AM  [win] blur
INFO 7/15/2022, 11:51:34 AM  [focus] 1
INFO 7/15/2022, 11:51:40 AM  [blur] 1
INFO 7/15/2022, 11:51:40 AM  [win] blur
INFO 7/15/2022, 11:51:41 AM  [focus] 1
INFO 7/15/2022, 11:51:41 AM  [blur] 1
INFO 7/15/2022, 11:51:41 AM  [win] blur
INFO 7/15/2022, 11:51:42 AM  [focus] 1
INFO 7/15/2022, 11:51:42 AM  [blur] 1
INFO 7/15/2022, 11:51:42 AM  [win] blur
INFO 7/15/2022, 11:51:42 AM  [focus] 1
INFO 7/15/2022, 11:51:42 AM  [blur] 1
INFO 7/15/2022, 11:51:42 AM  [win] blur
INFO 7/15/2022, 11:51:42 AM  [focus] 1
INFO 7/15/2022, 11:51:44 AM  synced recovery
INFO 7/15/2022, 11:51:49 AM  synced recovery
INFO 7/15/2022, 11:51:57 AM  synced recovery
INFO 7/15/2022, 11:51:59 AM  synced recovery
INFO 7/15/2022, 11:52:01 AM  [blur] 1
INFO 7/15/2022, 11:52:01 AM  [win] blur
INFO 7/15/2022, 11:52:05 AM  [focus] 1
INFO 7/15/2022, 11:52:08 AM  synced recovery
INFO 7/15/2022, 11:52:11 AM  synced recovery
INFO 7/15/2022, 11:52:13 AM  synced recovery
INFO 7/15/2022, 11:52:15 AM  synced recovery
INFO 7/15/2022, 11:52:18 AM  synced recovery
INFO 7/15/2022, 11:52:21 AM  synced recovery
INFO 7/15/2022, 11:52:24 AM  synced recovery
INFO 7/15/2022, 11:52:26 AM  synced recovery
INFO 7/15/2022, 11:52:29 AM  synced recovery
INFO 7/15/2022, 11:52:33 AM  synced recovery
INFO 7/15/2022, 11:52:50 AM  synced recovery
INFO 7/15/2022, 11:52:54 AM  synced recovery
INFO 7/15/2022, 11:52:54 AM  [blur] 1
INFO 7/15/2022, 11:52:54 AM  [win] blur
INFO 7/15/2022, 11:53:25 AM  [focus] 1
INFO 7/15/2022, 11:53:27 AM  synced recovery
INFO 7/15/2022, 11:53:32 AM  [blur] 1
INFO 7/15/2022, 11:53:32 AM  [win] blur
INFO 7/15/2022, 11:55:43 AM  [focus] 1
INFO 7/15/2022, 11:55:44 AM  [blur] 1
INFO 7/15/2022, 11:55:44 AM  [win] blur
INFO 7/15/2022, 12:09:26 PM  [focus] 1
INFO 7/15/2022, 12:09:27 PM  [blur] 1
INFO 7/15/2022, 12:09:27 PM  [win] blur
INFO 7/15/2022, 12:09:28 PM  [focus] 1
INFO 7/15/2022, 12:09:28 PM  [blur] 1
INFO 7/15/2022, 12:09:28 PM  [win] blur
INFO 7/15/2022, 12:12:42 PM  [focus] 1
INFO 7/15/2022, 12:12:47 PM  [blur] 1
INFO 7/15/2022, 12:12:47 PM  [win] blur
INFO 7/15/2022, 12:12:47 PM  synced recovery
INFO 7/15/2022, 12:14:27 PM  [focus] 1
INFO 7/15/2022, 12:14:31 PM  synced recovery
INFO 7/15/2022, 12:14:33 PM  synced recovery
INFO 7/15/2022, 12:14:35 PM  synced recovery
INFO 7/15/2022, 12:14:36 PM  synced recovery
INFO 7/15/2022, 12:14:39 PM  [blur] 1
INFO 7/15/2022, 12:14:39 PM  [win] blur
INFO 7/15/2022, 12:18:41 PM  [focus] 1
INFO 7/15/2022, 12:18:44 PM  synced recovery
INFO 7/15/2022, 12:18:47 PM  synced recovery
INFO 7/15/2022, 12:18:50 PM  synced recovery
INFO 7/15/2022, 12:18:52 PM  synced recovery
INFO 7/15/2022, 12:18:56 PM  synced recovery
INFO 7/15/2022, 12:19:00 PM  synced recovery
INFO 7/15/2022, 12:19:03 PM  synced recovery
INFO 7/15/2022, 12:19:05 PM  [blur] 1
INFO 7/15/2022, 12:19:05 PM  [win] blur
INFO 7/15/2022, 12:19:07 PM  [focus] 1
INFO 7/15/2022, 12:19:12 PM  synced recovery
INFO 7/15/2022, 12:19:19 PM  [blur] 1
INFO 7/15/2022, 12:19:19 PM  [win] blur
INFO 7/15/2022, 4:53:47 PM  [focus] 1
INFO 7/15/2022, 4:53:48 PM  [blur] 1
INFO 7/15/2022, 4:53:48 PM  [win] blur
INFO 7/15/2022, 5:06:42 PM  [focus] 1
INFO 7/15/2022, 5:06:44 PM  [blur] 1
INFO 7/15/2022, 5:06:44 PM  [win] blur
INFO 7/15/2022, 5:11:00 PM  [focus] 1
INFO 7/15/2022, 5:11:04 PM  [blur] 1
INFO 7/15/2022, 5:11:04 PM  [win] blur
INFO 7/15/2022, 5:16:07 PM  [focus] 1
INFO 7/15/2022, 5:16:07 PM  [blur] 1
INFO 7/15/2022, 5:16:07 PM  [win] blur
INFO 7/15/2022, 6:29:46 PM  [focus] 1
INFO 7/15/2022, 6:29:47 PM  [blur] 1
INFO 7/15/2022, 6:29:47 PM  [win] blur
INFO 7/15/2022, 6:29:47 PM  [focus] 1
INFO 7/15/2022, 6:29:48 PM  [blur] 1
INFO 7/15/2022, 6:29:48 PM  [win] blur
INFO 7/15/2022, 6:32:54 PM  [focus] 1
INFO 7/15/2022, 6:32:56 PM  [blur] 1
INFO 7/15/2022, 6:32:56 PM  [win] blur
INFO 7/15/2022, 6:40:35 PM  [focus] 1
INFO 7/15/2022, 6:40:36 PM  [blur] 1
INFO 7/15/2022, 6:40:36 PM  [win] blur
INFO 7/15/2022, 6:42:34 PM  [focus] 1
INFO 7/15/2022, 6:42:39 PM  synced recovery
INFO 7/15/2022, 6:42:41 PM  synced recovery
INFO 7/15/2022, 6:42:42 PM  synced recovery
INFO 7/15/2022, 6:42:45 PM  synced recovery
INFO 7/15/2022, 6:42:48 PM  synced recovery
INFO 7/15/2022, 6:42:50 PM  synced recovery
INFO 7/15/2022, 6:42:50 PM  synced recovery
INFO 7/15/2022, 6:42:50 PM  synced recovery
INFO 7/15/2022, 6:42:51 PM  synced recovery
INFO 7/15/2022, 6:42:51 PM  synced recovery
INFO 7/15/2022, 6:42:51 PM  synced recovery
INFO 7/15/2022, 6:42:51 PM  synced recovery
INFO 7/15/2022, 6:42:51 PM  synced recovery
INFO 7/15/2022, 6:42:52 PM  synced recovery
INFO 7/15/2022, 6:42:52 PM  synced recovery
INFO 7/15/2022, 6:42:52 PM  synced recovery
INFO 7/15/2022, 6:42:52 PM  synced recovery
INFO 7/15/2022, 6:42:52 PM  synced recovery
INFO 7/15/2022, 6:42:53 PM  synced recovery
INFO 7/15/2022, 6:42:53 PM  synced recovery
INFO 7/15/2022, 6:44:05 PM  [blur] 1
INFO 7/15/2022, 6:44:05 PM  [win] blur
INFO 7/15/2022, 6:45:29 PM  [focus] 1
INFO 7/15/2022, 6:45:30 PM  [blur] 1
INFO 7/15/2022, 6:45:30 PM  [win] blur
INFO 7/15/2022, 6:45:31 PM  [focus] 1
INFO 7/15/2022, 6:45:31 PM  [blur] 1
INFO 7/15/2022, 6:45:31 PM  [win] blur
INFO 7/15/2022, 6:45:32 PM  [focus] 1
INFO 7/15/2022, 6:45:32 PM  [blur] 1
INFO 7/15/2022, 6:45:32 PM  [win] blur
INFO 7/15/2022, 6:51:25 PM  [focus] 1
INFO 7/15/2022, 6:51:25 PM  [blur] 1
INFO 7/15/2022, 6:51:25 PM  [win] blur
INFO 7/15/2022, 6:51:37 PM  [focus] 1
INFO 7/15/2022, 6:51:38 PM  [blur] 1
INFO 7/15/2022, 6:51:38 PM  [win] blur
INFO 7/15/2022, 7:09:24 PM  [focus] 1
INFO 7/15/2022, 7:09:24 PM  [blur] 1
INFO 7/15/2022, 7:09:24 PM  [win] blur
INFO 7/15/2022, 7:09:27 PM  [focus] 1
INFO 7/15/2022, 7:09:27 PM  [blur] 1
INFO 7/15/2022, 7:09:27 PM  [win] blur
INFO 7/15/2022, 7:09:28 PM  [focus] 1
INFO 7/15/2022, 7:09:29 PM  [blur] 1
INFO 7/15/2022, 7:09:29 PM  [win] blur
INFO 7/15/2022, 9:01:46 PM  [focus] 1
INFO 7/15/2022, 9:01:47 PM  [blur] 1
INFO 7/15/2022, 9:01:47 PM  [win] blur
INFO 7/15/2022, 11:25:56 PM  [focus] 1
INFO 7/15/2022, 11:25:57 PM  [blur] 1
INFO 7/15/2022, 11:25:57 PM  [win] blur
INFO 7/15/2022, 11:25:57 PM  [focus] 1
INFO 7/15/2022, 11:25:57 PM  [blur] 1
INFO 7/15/2022, 11:25:57 PM  [win] blur
INFO 7/15/2022, 11:25:58 PM  [focus] 1
INFO 7/15/2022, 11:25:58 PM  [blur] 1
INFO 7/15/2022, 11:25:58 PM  [win] blur
INFO 7/15/2022, 11:25:58 PM  [focus] 1
INFO 7/15/2022, 11:25:59 PM  [blur] 1
INFO 7/15/2022, 11:25:59 PM  [win] blur
INFO 7/15/2022, 11:26:00 PM  [focus] 1
INFO 7/15/2022, 11:26:03 PM  synced recovery
INFO 7/15/2022, 11:26:04 PM  synced recovery
INFO 7/15/2022, 11:26:04 PM  ----------------before-quit-----------------
INFO 7/15/2022, 11:26:04 PM  ------------------will-quit------------------
INFO 7/15/2022, 11:26:04 PM  -----------------quit------------------
INFO 7/15/2022, 11:26:04 PM  closeLogging
INFO 7/16/2022, 1:54:17 PM  launch with argv [/usr/share/typora/Typora]
INFO 7/16/2022, 1:54:17 PM  start LM in devVersion=false
INFO 7/16/2022, 1:54:17 PM  [Raven] instanceKey = 7b25a3a3-318a-4054-9685-8218a133cb55
INFO 7/16/2022, 1:54:17 PM  [watch L]
INFO 7/16/2022, 1:54:17 PM  ls put SLicense
INFO 7/16/2022, 1:54:17 PM  [L] installDate is 7/12/2022, trail remains: 11 days
INFO 7/16/2022, 1:54:17 PM  [watch L] hasL: false
INFO 7/16/2022, 1:54:17 PM  ------------------start------------------
INFO 7/16/2022, 1:54:17 PM  typora version: 1.3.6
INFO 7/16/2022, 1:54:17 PM  undefined
[Error: ENOENT: no such file or directory, open '/home/lazy/.config/Typora/typora-dictionaries/user-dict.json'] {
  errno: [33m-2[39m,
  code: [32m'ENOENT'[39m,
  syscall: [32m'open'[39m,
  path: [32m'/home/lazy/.config/Typora/typora-dictionaries/user-dict.json'[39m
}
INFO 7/16/2022, 1:54:17 PM  [Raven] userId = 17955715-282c-42da-b530-3f60bea3a90f
INFO 7/16/2022, 1:54:17 PM  [focus] 2
INFO 7/16/2022, 1:54:17 PM  synced recovery
INFO 7/16/2022, 1:54:18 PM  [blur] 2
INFO 7/16/2022, 1:54:18 PM  [win] blur
INFO 7/16/2022, 1:54:18 PM  [focus] 1
INFO 7/16/2022, 1:54:18 PM  handle document.loadData
INFO 7/16/2022, 1:54:18 PM  [RenderProcess 2][Log] [UndoManager] reset commandStack
INFO 7/16/2022, 1:54:18 PM  [RenderProcess 2][Log] reset NodeMap
INFO 7/16/2022, 1:54:18 PM  synced recovery
INFO 7/16/2022, 1:54:18 PM  [blur] 1
INFO 7/16/2022, 1:54:18 PM  [focus] 2
INFO 7/16/2022, 1:54:18 PM  [RenderProcess 2][Log] onBecomeActive
INFO 7/16/2022, 1:54:18 PM  [RenderProcess 2][Log] File.activeWindow = true
INFO 7/16/2022, 1:54:18 PM  [blur] 2
INFO 7/16/2022, 1:54:18 PM  [win] blur
INFO 7/16/2022, 1:54:18 PM  [focus] 1
INFO 7/16/2022, 1:54:20 PM  [focus] 2
INFO 7/16/2022, 1:54:20 PM  [blur] 2
INFO 7/16/2022, 1:54:20 PM  [win] blur
INFO 7/16/2022, 1:54:20 PM  [focus] 2
INFO 7/16/2022, 1:54:20 PM  [blur] 2
INFO 7/16/2022, 1:54:20 PM  [win] blur
INFO 7/16/2022, 1:54:20 PM  [focus] 2
INFO 7/16/2022, 1:54:24 PM  [blur] 2
INFO 7/16/2022, 1:54:24 PM  [win] blur
INFO 7/16/2022, 1:54:29 PM  [focus] 2
INFO 7/16/2022, 1:54:29 PM  [blur] 2
INFO 7/16/2022, 1:54:29 PM  [win] blur
INFO 7/16/2022, 1:54:29 PM  [focus] 2
INFO 7/16/2022, 1:54:29 PM  [blur] 2
INFO 7/16/2022, 1:54:29 PM  [win] blur
INFO 7/16/2022, 1:54:29 PM  [focus] 2
INFO 7/16/2022, 1:54:29 PM  addRecentDocument
INFO 7/16/2022, 1:54:29 PM  [RenderProcess 2][Log] [UndoManager] reset commandStack
INFO 7/16/2022, 1:54:29 PM  [RenderProcess 2][Log] reset NodeMap
INFO 7/16/2022, 1:54:29 PM  [RenderProcess 2][Log] readContentFrom /home/lazy/Notes/Cycle GAN.md
INFO 7/16/2022, 1:54:29 PM  synced recovery
INFO 7/16/2022, 1:54:35 PM  synced recovery
INFO 7/16/2022, 1:54:37 PM  [blur] 2
INFO 7/16/2022, 1:54:37 PM  [win] blur
INFO 7/16/2022, 1:54:37 PM  [focus] 2
INFO 7/16/2022, 1:54:38 PM  [blur] 2
INFO 7/16/2022, 1:54:38 PM  [win] blur
INFO 7/16/2022, 1:55:28 PM  [focus] 2
INFO 7/16/2022, 1:55:29 PM  [blur] 2
INFO 7/16/2022, 1:55:29 PM  [win] blur
INFO 7/16/2022, 1:55:34 PM  [focus] 2
INFO 7/16/2022, 1:55:35 PM  [blur] 2
INFO 7/16/2022, 1:55:35 PM  [win] blur
INFO 7/16/2022, 1:56:02 PM  [focus] 2
INFO 7/16/2022, 1:56:08 PM  [blur] 2
INFO 7/16/2022, 1:56:08 PM  [win] blur
INFO 7/16/2022, 1:59:58 PM  [focus] 2
INFO 7/16/2022, 1:59:58 PM  [blur] 2
INFO 7/16/2022, 1:59:58 PM  [win] blur
INFO 7/16/2022, 1:59:59 PM  [focus] 2
INFO 7/16/2022, 2:00:02 PM  synced recovery
INFO 7/16/2022, 2:00:04 PM  synced recovery
INFO 7/16/2022, 2:00:06 PM  synced recovery
INFO 7/16/2022, 2:00:10 PM  synced recovery
INFO 7/16/2022, 2:00:13 PM  synced recovery
INFO 7/16/2022, 2:00:16 PM  synced recovery
INFO 7/16/2022, 2:00:16 PM  [blur] 2
INFO 7/16/2022, 2:00:16 PM  [win] blur
INFO 7/16/2022, 2:00:23 PM  [focus] 2
INFO 7/16/2022, 2:00:26 PM  synced recovery
INFO 7/16/2022, 2:00:29 PM  [blur] 2
INFO 7/16/2022, 2:00:29 PM  [win] blur
INFO 7/16/2022, 2:00:30 PM  [focus] 2
INFO 7/16/2022, 2:00:31 PM  [blur] 2
INFO 7/16/2022, 2:00:31 PM  [win] blur
INFO 7/16/2022, 2:00:32 PM  [focus] 2
INFO 7/16/2022, 2:00:32 PM  [blur] 2
INFO 7/16/2022, 2:00:32 PM  [win] blur
INFO 7/16/2022, 2:00:33 PM  [focus] 2
INFO 7/16/2022, 2:00:33 PM  [blur] 2
INFO 7/16/2022, 2:00:33 PM  [win] blur
INFO 7/16/2022, 2:00:36 PM  [focus] 2
INFO 7/16/2022, 2:00:38 PM  synced recovery
INFO 7/16/2022, 2:00:40 PM  synced recovery
INFO 7/16/2022, 2:00:41 PM  synced recovery
INFO 7/16/2022, 2:00:42 PM  [blur] 2
INFO 7/16/2022, 2:00:42 PM  [win] blur
INFO 7/16/2022, 2:04:00 PM  [focus] 2
INFO 7/16/2022, 2:04:01 PM  [blur] 2
INFO 7/16/2022, 2:04:01 PM  [win] blur
INFO 7/16/2022, 2:04:03 PM  [focus] 2
INFO 7/16/2022, 2:04:06 PM  synced recovery
INFO 7/16/2022, 2:04:18 PM  synced recovery
INFO 7/16/2022, 2:04:21 PM  synced recovery
INFO 7/16/2022, 2:04:21 PM  [blur] 2
INFO 7/16/2022, 2:04:21 PM  [win] blur
INFO 7/16/2022, 2:04:22 PM  [focus] 2
INFO 7/16/2022, 2:04:26 PM  [blur] 2
INFO 7/16/2022, 2:04:26 PM  [win] blur
INFO 7/16/2022, 2:06:34 PM  [focus] 2
INFO 7/16/2022, 2:06:38 PM  [blur] 2
INFO 7/16/2022, 2:06:38 PM  [win] blur
INFO 7/16/2022, 2:07:44 PM  [focus] 2
INFO 7/16/2022, 2:07:45 PM  [blur] 2
INFO 7/16/2022, 2:07:45 PM  [win] blur
INFO 7/16/2022, 2:09:22 PM  [focus] 2
INFO 7/16/2022, 2:09:24 PM  [blur] 2
INFO 7/16/2022, 2:09:24 PM  [win] blur
INFO 7/16/2022, 2:10:22 PM  [focus] 2
INFO 7/16/2022, 2:10:23 PM  [blur] 2
INFO 7/16/2022, 2:10:23 PM  [win] blur
INFO 7/16/2022, 2:23:52 PM  [focus] 2
INFO 7/16/2022, 2:23:52 PM  [blur] 2
INFO 7/16/2022, 2:23:52 PM  [win] blur
INFO 7/16/2022, 2:25:43 PM  [focus] 2
INFO 7/16/2022, 2:25:44 PM  [blur] 2
INFO 7/16/2022, 2:25:44 PM  [win] blur
INFO 7/16/2022, 2:25:48 PM  [focus] 2
INFO 7/16/2022, 2:25:54 PM  synced recovery
INFO 7/16/2022, 2:26:01 PM  synced recovery
INFO 7/16/2022, 2:26:03 PM  synced recovery
INFO 7/16/2022, 2:26:07 PM  synced recovery
INFO 7/16/2022, 2:26:11 PM  synced recovery
INFO 7/16/2022, 2:26:15 PM  synced recovery
INFO 7/16/2022, 2:26:26 PM  synced recovery
INFO 7/16/2022, 2:26:29 PM  synced recovery
INFO 7/16/2022, 2:26:29 PM  [blur] 2
INFO 7/16/2022, 2:26:29 PM  [win] blur
INFO 7/16/2022, 2:26:40 PM  [focus] 2
INFO 7/16/2022, 2:26:47 PM  synced recovery
INFO 7/16/2022, 2:26:48 PM  synced recovery
INFO 7/16/2022, 2:26:50 PM  synced recovery
INFO 7/16/2022, 2:26:54 PM  synced recovery
INFO 7/16/2022, 2:26:56 PM  synced recovery
INFO 7/16/2022, 2:26:59 PM  [blur] 2
INFO 7/16/2022, 2:26:59 PM  [win] blur
INFO 7/16/2022, 2:27:08 PM  [focus] 2
INFO 7/16/2022, 2:27:10 PM  synced recovery
INFO 7/16/2022, 2:27:14 PM  synced recovery
INFO 7/16/2022, 2:27:18 PM  synced recovery
INFO 7/16/2022, 2:27:21 PM  synced recovery
INFO 7/16/2022, 2:27:22 PM  synced recovery
INFO 7/16/2022, 2:27:25 PM  synced recovery
INFO 7/16/2022, 2:27:27 PM  synced recovery
INFO 7/16/2022, 2:27:30 PM  synced recovery
INFO 7/16/2022, 2:27:34 PM  synced recovery
INFO 7/16/2022, 2:27:37 PM  synced recovery
INFO 7/16/2022, 2:27:46 PM  synced recovery
INFO 7/16/2022, 2:27:55 PM  synced recovery
INFO 7/16/2022, 2:27:57 PM  synced recovery
INFO 7/16/2022, 2:28:05 PM  synced recovery
INFO 7/16/2022, 2:28:06 PM  synced recovery
INFO 7/16/2022, 2:28:09 PM  synced recovery
INFO 7/16/2022, 2:28:11 PM  synced recovery
INFO 7/16/2022, 2:28:15 PM  synced recovery
INFO 7/16/2022, 2:28:25 PM  [blur] 2
INFO 7/16/2022, 2:28:25 PM  [win] blur
INFO 7/16/2022, 2:32:36 PM  [focus] 2
INFO 7/16/2022, 2:32:39 PM  [blur] 2
INFO 7/16/2022, 2:32:39 PM  [win] blur
INFO 7/16/2022, 2:51:04 PM  [focus] 2
INFO 7/16/2022, 2:51:05 PM  [blur] 2
INFO 7/16/2022, 2:51:05 PM  [win] blur
INFO 7/16/2022, 2:51:05 PM  [focus] 2
INFO 7/16/2022, 2:51:08 PM  synced recovery
INFO 7/16/2022, 2:51:09 PM  synced recovery
INFO 7/16/2022, 2:51:12 PM  synced recovery
INFO 7/16/2022, 2:51:19 PM  synced recovery
INFO 7/16/2022, 2:51:22 PM  synced recovery
INFO 7/16/2022, 2:51:23 PM  synced recovery
INFO 7/16/2022, 2:51:28 PM  synced recovery
INFO 7/16/2022, 2:51:31 PM  synced recovery
INFO 7/16/2022, 2:51:34 PM  synced recovery
INFO 7/16/2022, 2:51:38 PM  synced recovery
INFO 7/16/2022, 2:51:40 PM  synced recovery
INFO 7/16/2022, 2:51:41 PM  synced recovery
INFO 7/16/2022, 2:51:47 PM  synced recovery
INFO 7/16/2022, 2:51:52 PM  synced recovery
INFO 7/16/2022, 2:51:55 PM  synced recovery
INFO 7/16/2022, 2:51:58 PM  synced recovery
INFO 7/16/2022, 2:52:00 PM  synced recovery
INFO 7/16/2022, 2:52:02 PM  synced recovery
INFO 7/16/2022, 2:52:06 PM  synced recovery
INFO 7/16/2022, 2:52:09 PM  [blur] 2
INFO 7/16/2022, 2:52:09 PM  [win] blur
INFO 7/16/2022, 2:52:10 PM  [focus] 2
INFO 7/16/2022, 2:52:10 PM  [blur] 2
INFO 7/16/2022, 2:52:10 PM  [win] blur
INFO 7/16/2022, 2:52:15 PM  [focus] 2
INFO 7/16/2022, 2:52:15 PM  [blur] 2
INFO 7/16/2022, 2:52:15 PM  [win] blur
INFO 7/16/2022, 2:52:17 PM  [focus] 2
INFO 7/16/2022, 2:52:18 PM  [blur] 2
INFO 7/16/2022, 2:52:18 PM  [win] blur
INFO 7/16/2022, 2:52:18 PM  synced recovery
INFO 7/16/2022, 2:52:19 PM  [focus] 2
INFO 7/16/2022, 2:52:22 PM  synced recovery
INFO 7/16/2022, 2:52:26 PM  [blur] 2
INFO 7/16/2022, 2:52:26 PM  [win] blur
INFO 7/16/2022, 2:52:29 PM  [focus] 2
INFO 7/16/2022, 2:52:31 PM  synced recovery
INFO 7/16/2022, 2:52:32 PM  [blur] 2
INFO 7/16/2022, 2:52:32 PM  [win] blur
INFO 7/16/2022, 2:54:21 PM  [focus] 2
INFO 7/16/2022, 2:54:23 PM  [blur] 2
INFO 7/16/2022, 2:54:23 PM  [win] blur
INFO 7/16/2022, 2:55:56 PM  [focus] 2
INFO 7/16/2022, 2:56:00 PM  [blur] 2
INFO 7/16/2022, 2:56:00 PM  [win] blur
INFO 7/16/2022, 3:08:24 PM  [focus] 2
INFO 7/16/2022, 3:08:27 PM  [blur] 2
INFO 7/16/2022, 3:08:27 PM  [win] blur
INFO 7/16/2022, 3:11:27 PM  [focus] 2
INFO 7/16/2022, 3:11:35 PM  [blur] 2
INFO 7/16/2022, 3:11:35 PM  [win] blur
INFO 7/16/2022, 3:11:45 PM  [focus] 2
INFO 7/16/2022, 3:11:53 PM  [blur] 2
INFO 7/16/2022, 3:11:53 PM  [win] blur
INFO 7/16/2022, 3:14:13 PM  [focus] 2
INFO 7/16/2022, 3:14:16 PM  [blur] 2
INFO 7/16/2022, 3:14:16 PM  [win] blur
INFO 7/16/2022, 3:14:43 PM  [focus] 2
INFO 7/16/2022, 3:14:46 PM  synced recovery
INFO 7/16/2022, 3:14:50 PM  synced recovery
INFO 7/16/2022, 3:14:52 PM  synced recovery
INFO 7/16/2022, 3:14:53 PM  synced recovery
INFO 7/16/2022, 3:14:57 PM  synced recovery
INFO 7/16/2022, 3:14:59 PM  [blur] 2
INFO 7/16/2022, 3:14:59 PM  [win] blur
INFO 7/16/2022, 3:35:45 PM  [focus] 2
INFO 7/16/2022, 3:35:57 PM  synced recovery
INFO 7/16/2022, 3:36:00 PM  synced recovery
INFO 7/16/2022, 3:36:05 PM  [blur] 2
INFO 7/16/2022, 3:36:05 PM  [win] blur
INFO 7/16/2022, 3:42:57 PM  [focus] 2
INFO 7/16/2022, 3:43:00 PM  [blur] 2
INFO 7/16/2022, 3:43:00 PM  [win] blur
INFO 7/16/2022, 3:54:00 PM  [focus] 2
INFO 7/16/2022, 3:54:01 PM  [blur] 2
INFO 7/16/2022, 3:54:01 PM  [win] blur
INFO 7/16/2022, 3:58:33 PM  [focus] 2
INFO 7/16/2022, 3:58:37 PM  synced recovery
INFO 7/16/2022, 3:58:40 PM  synced recovery
INFO 7/16/2022, 3:58:41 PM  synced recovery
INFO 7/16/2022, 3:58:46 PM  synced recovery
INFO 7/16/2022, 3:58:49 PM  [blur] 2
INFO 7/16/2022, 3:58:49 PM  [win] blur
INFO 7/16/2022, 3:59:16 PM  [focus] 2
INFO 7/16/2022, 3:59:18 PM  [blur] 2
INFO 7/16/2022, 3:59:18 PM  [win] blur
INFO 7/16/2022, 3:59:37 PM  [focus] 2
INFO 7/16/2022, 3:59:40 PM  synced recovery
INFO 7/16/2022, 3:59:49 PM  [blur] 2
INFO 7/16/2022, 3:59:49 PM  [win] blur
INFO 7/16/2022, 4:00:00 PM  [focus] 2
INFO 7/16/2022, 4:00:29 PM  synced recovery
INFO 7/16/2022, 4:00:41 PM  [blur] 2
INFO 7/16/2022, 4:00:41 PM  [win] blur
INFO 7/16/2022, 4:01:47 PM  [focus] 2
INFO 7/16/2022, 4:01:50 PM  synced recovery
INFO 7/16/2022, 4:01:52 PM  synced recovery
INFO 7/16/2022, 4:01:56 PM  synced recovery
INFO 7/16/2022, 4:02:03 PM  synced recovery
INFO 7/16/2022, 4:02:09 PM  synced recovery
INFO 7/16/2022, 4:02:14 PM  synced recovery
INFO 7/16/2022, 4:02:22 PM  synced recovery
INFO 7/16/2022, 4:02:24 PM  synced recovery
INFO 7/16/2022, 4:02:30 PM  synced recovery
INFO 7/16/2022, 4:02:33 PM  synced recovery
INFO 7/16/2022, 4:02:36 PM  synced recovery
INFO 7/16/2022, 4:02:40 PM  synced recovery
INFO 7/16/2022, 4:02:44 PM  synced recovery
INFO 7/16/2022, 4:02:47 PM  [blur] 2
INFO 7/16/2022, 4:02:47 PM  [win] blur
INFO 7/16/2022, 4:02:56 PM  [focus] 2
INFO 7/16/2022, 4:02:58 PM  synced recovery
INFO 7/16/2022, 4:03:00 PM  synced recovery
INFO 7/16/2022, 4:03:04 PM  synced recovery
INFO 7/16/2022, 4:03:07 PM  synced recovery
INFO 7/16/2022, 4:03:11 PM  synced recovery
INFO 7/16/2022, 4:03:13 PM  synced recovery
INFO 7/16/2022, 4:03:16 PM  synced recovery
INFO 7/16/2022, 4:03:20 PM  synced recovery
INFO 7/16/2022, 4:03:25 PM  synced recovery
INFO 7/16/2022, 4:03:27 PM  synced recovery
INFO 7/16/2022, 4:03:36 PM  synced recovery
INFO 7/16/2022, 4:03:43 PM  synced recovery
INFO 7/16/2022, 4:03:51 PM  synced recovery
INFO 7/16/2022, 4:03:54 PM  [blur] 2
INFO 7/16/2022, 4:03:54 PM  [win] blur
INFO 7/16/2022, 4:03:54 PM  synced recovery
INFO 7/16/2022, 4:04:05 PM  [focus] 2
INFO 7/16/2022, 4:04:07 PM  synced recovery
INFO 7/16/2022, 4:04:10 PM  synced recovery
INFO 7/16/2022, 4:04:15 PM  synced recovery
INFO 7/16/2022, 4:04:24 PM  synced recovery
INFO 7/16/2022, 4:04:26 PM  synced recovery
INFO 7/16/2022, 4:04:28 PM  synced recovery
INFO 7/16/2022, 4:04:30 PM  synced recovery
INFO 7/16/2022, 4:04:34 PM  synced recovery
INFO 7/16/2022, 4:04:35 PM  synced recovery
INFO 7/16/2022, 4:04:49 PM  synced recovery
INFO 7/16/2022, 4:04:52 PM  synced recovery
INFO 7/16/2022, 4:04:54 PM  synced recovery
INFO 7/16/2022, 4:05:02 PM  synced recovery
INFO 7/16/2022, 4:05:17 PM  synced recovery
INFO 7/16/2022, 4:05:22 PM  synced recovery
INFO 7/16/2022, 4:05:25 PM  [blur] 2
INFO 7/16/2022, 4:05:25 PM  [win] blur
INFO 7/16/2022, 4:06:29 PM  [focus] 2
INFO 7/16/2022, 4:06:50 PM  [blur] 2
INFO 7/16/2022, 4:06:50 PM  [win] blur
INFO 7/16/2022, 4:07:24 PM  [focus] 2
INFO 7/16/2022, 4:07:33 PM  synced recovery
INFO 7/16/2022, 4:07:36 PM  synced recovery
INFO 7/16/2022, 4:07:40 PM  synced recovery
INFO 7/16/2022, 4:07:44 PM  synced recovery
INFO 7/16/2022, 4:07:46 PM  synced recovery
INFO 7/16/2022, 4:07:50 PM  synced recovery
INFO 7/16/2022, 4:07:51 PM  synced recovery
INFO 7/16/2022, 4:07:53 PM  synced recovery
INFO 7/16/2022, 4:07:55 PM  synced recovery
INFO 7/16/2022, 4:07:57 PM  [blur] 2
INFO 7/16/2022, 4:07:57 PM  [win] blur
INFO 7/16/2022, 4:08:05 PM  [focus] 2
INFO 7/16/2022, 4:08:08 PM  [blur] 2
INFO 7/16/2022, 4:08:08 PM  [win] blur
INFO 7/16/2022, 4:08:08 PM  synced recovery
INFO 7/16/2022, 4:08:13 PM  [focus] 2
INFO 7/16/2022, 4:08:17 PM  synced recovery
INFO 7/16/2022, 4:08:19 PM  synced recovery
INFO 7/16/2022, 4:08:21 PM  synced recovery
INFO 7/16/2022, 4:08:26 PM  synced recovery
INFO 7/16/2022, 4:08:28 PM  synced recovery
INFO 7/16/2022, 4:08:29 PM  synced recovery
INFO 7/16/2022, 4:08:33 PM  synced recovery
INFO 7/16/2022, 4:08:37 PM  synced recovery
INFO 7/16/2022, 4:08:38 PM  synced recovery
INFO 7/16/2022, 4:08:39 PM  [blur] 2
INFO 7/16/2022, 4:08:39 PM  [win] blur
INFO 7/16/2022, 4:08:45 PM  [focus] 2
INFO 7/16/2022, 4:08:49 PM  synced recovery
INFO 7/16/2022, 4:08:53 PM  synced recovery
INFO 7/16/2022, 4:08:57 PM  synced recovery
INFO 7/16/2022, 4:08:59 PM  synced recovery
INFO 7/16/2022, 4:09:03 PM  synced recovery
INFO 7/16/2022, 4:09:06 PM  synced recovery
INFO 7/16/2022, 4:09:08 PM  synced recovery
INFO 7/16/2022, 4:09:10 PM  synced recovery
INFO 7/16/2022, 4:09:12 PM  synced recovery
INFO 7/16/2022, 4:09:15 PM  synced recovery
INFO 7/16/2022, 4:09:17 PM  synced recovery
INFO 7/16/2022, 4:09:20 PM  synced recovery
INFO 7/16/2022, 4:09:23 PM  synced recovery
INFO 7/16/2022, 4:09:27 PM  synced recovery
INFO 7/16/2022, 4:09:29 PM  synced recovery
INFO 7/16/2022, 4:09:33 PM  synced recovery
INFO 7/16/2022, 4:09:34 PM  synced recovery
INFO 7/16/2022, 4:09:38 PM  synced recovery
INFO 7/16/2022, 4:09:41 PM  synced recovery
INFO 7/16/2022, 4:09:50 PM  synced recovery
INFO 7/16/2022, 4:09:53 PM  synced recovery
INFO 7/16/2022, 4:09:57 PM  synced recovery
INFO 7/16/2022, 4:10:00 PM  synced recovery
INFO 7/16/2022, 4:10:03 PM  [blur] 2
INFO 7/16/2022, 4:10:03 PM  [win] blur
INFO 7/16/2022, 4:12:24 PM  [focus] 2
INFO 7/16/2022, 4:12:24 PM  [blur] 2
INFO 7/16/2022, 4:12:24 PM  [win] blur
INFO 7/16/2022, 4:12:56 PM  [focus] 2
INFO 7/16/2022, 4:12:56 PM  [blur] 2
INFO 7/16/2022, 4:12:56 PM  [win] blur
INFO 7/16/2022, 4:12:57 PM  [focus] 2
INFO 7/16/2022, 4:12:57 PM  [blur] 2
INFO 7/16/2022, 4:12:57 PM  [win] blur
INFO 7/16/2022, 4:12:58 PM  [focus] 2
INFO 7/16/2022, 4:13:09 PM  synced recovery
INFO 7/16/2022, 4:13:12 PM  synced recovery
INFO 7/16/2022, 4:13:16 PM  synced recovery
INFO 7/16/2022, 4:13:18 PM  synced recovery
INFO 7/16/2022, 4:13:23 PM  synced recovery
INFO 7/16/2022, 4:13:28 PM  synced recovery
INFO 7/16/2022, 4:13:30 PM  synced recovery
INFO 7/16/2022, 4:13:32 PM  synced recovery
INFO 7/16/2022, 4:13:36 PM  synced recovery
INFO 7/16/2022, 4:13:37 PM  [blur] 2
INFO 7/16/2022, 4:13:37 PM  [win] blur
INFO 7/16/2022, 4:14:01 PM  [focus] 2
INFO 7/16/2022, 4:14:02 PM  [blur] 2
INFO 7/16/2022, 4:14:02 PM  [win] blur
INFO 7/16/2022, 4:14:02 PM  [focus] 2
INFO 7/16/2022, 4:14:09 PM  synced recovery
INFO 7/16/2022, 4:14:11 PM  synced recovery
INFO 7/16/2022, 4:14:17 PM  synced recovery
INFO 7/16/2022, 4:14:20 PM  synced recovery
INFO 7/16/2022, 4:14:24 PM  synced recovery
INFO 7/16/2022, 4:14:26 PM  synced recovery
INFO 7/16/2022, 4:14:29 PM  synced recovery
INFO 7/16/2022, 4:14:35 PM  [blur] 2
INFO 7/16/2022, 4:14:35 PM  [win] blur
INFO 7/16/2022, 4:14:56 PM  [focus] 2
INFO 7/16/2022, 4:15:09 PM  synced recovery
INFO 7/16/2022, 4:15:14 PM  synced recovery
INFO 7/16/2022, 4:15:20 PM  [blur] 2
INFO 7/16/2022, 4:15:20 PM  [win] blur
INFO 7/16/2022, 4:15:55 PM  [focus] 2
INFO 7/16/2022, 4:16:00 PM  synced recovery
INFO 7/16/2022, 4:16:06 PM  synced recovery
INFO 7/16/2022, 4:16:08 PM  synced recovery
INFO 7/16/2022, 4:16:12 PM  synced recovery
INFO 7/16/2022, 4:16:17 PM  synced recovery
INFO 7/16/2022, 4:16:18 PM  synced recovery
INFO 7/16/2022, 4:16:22 PM  synced recovery
INFO 7/16/2022, 4:16:24 PM  synced recovery
INFO 7/16/2022, 4:16:28 PM  synced recovery
INFO 7/16/2022, 4:16:51 PM  synced recovery
INFO 7/16/2022, 4:16:54 PM  synced recovery
INFO 7/16/2022, 4:17:00 PM  synced recovery
INFO 7/16/2022, 4:17:04 PM  synced recovery
INFO 7/16/2022, 4:17:07 PM  synced recovery
INFO 7/16/2022, 4:17:08 PM  synced recovery
INFO 7/16/2022, 4:17:14 PM  synced recovery
INFO 7/16/2022, 4:17:19 PM  [blur] 2
INFO 7/16/2022, 4:17:19 PM  [win] blur
INFO 7/16/2022, 4:17:29 PM  [focus] 2
INFO 7/16/2022, 4:17:37 PM  synced recovery
INFO 7/16/2022, 4:17:51 PM  synced recovery
INFO 7/16/2022, 4:17:54 PM  synced recovery
INFO 7/16/2022, 4:17:56 PM  synced recovery
INFO 7/16/2022, 4:18:16 PM  [blur] 2
INFO 7/16/2022, 4:18:16 PM  [win] blur
INFO 7/16/2022, 4:19:48 PM  [focus] 2
INFO 7/16/2022, 4:19:49 PM  [blur] 2
INFO 7/16/2022, 4:19:49 PM  [win] blur
INFO 7/16/2022, 4:19:53 PM  [focus] 2
INFO 7/16/2022, 4:19:54 PM  [blur] 2
INFO 7/16/2022, 4:19:54 PM  [win] blur
INFO 7/16/2022, 4:20:05 PM  [focus] 2
INFO 7/16/2022, 4:22:31 PM  [blur] 2
INFO 7/16/2022, 4:22:31 PM  [win] blur
INFO 7/16/2022, 4:23:15 PM  [focus] 2
INFO 7/16/2022, 4:23:21 PM  [blur] 2
INFO 7/16/2022, 4:23:21 PM  [win] blur
INFO 7/16/2022, 4:23:38 PM  [focus] 2
INFO 7/16/2022, 4:23:45 PM  synced recovery
INFO 7/16/2022, 4:23:47 PM  synced recovery
INFO 7/16/2022, 4:24:26 PM  synced recovery
INFO 7/16/2022, 4:24:41 PM  [blur] 2
INFO 7/16/2022, 4:24:41 PM  [win] blur
INFO 7/16/2022, 4:25:12 PM  [focus] 2
INFO 7/16/2022, 4:25:19 PM  synced recovery
INFO 7/16/2022, 4:25:22 PM  synced recovery
INFO 7/16/2022, 4:25:24 PM  synced recovery
INFO 7/16/2022, 4:25:24 PM  ----------------before-quit-----------------
INFO 7/16/2022, 4:25:24 PM  ------------------will-quit------------------
INFO 7/16/2022, 4:25:24 PM  -----------------quit------------------
INFO 7/16/2022, 4:25:24 PM  closeLogging
INFO 7/17/2022, 10:20:45 AM  launch with argv [/usr/share/typora/Typora]
INFO 7/17/2022, 10:20:45 AM  start LM in devVersion=false
INFO 7/17/2022, 10:20:45 AM  [Raven] instanceKey = 3969a256-e862-468b-9399-2a6e1f07e1be
INFO 7/17/2022, 10:20:45 AM  [watch L]
INFO 7/17/2022, 10:20:45 AM  ls put SLicense
INFO 7/17/2022, 10:20:45 AM  [L] installDate is 7/12/2022, trail remains: 10 days
INFO 7/17/2022, 10:20:45 AM  [watch L] hasL: false
INFO 7/17/2022, 10:20:45 AM  ------------------start------------------
INFO 7/17/2022, 10:20:45 AM  typora version: 1.3.6
INFO 7/17/2022, 10:20:45 AM  undefined
[Error: ENOENT: no such file or directory, open '/home/lazy/.config/Typora/typora-dictionaries/user-dict.json'] {
  errno: [33m-2[39m,
  code: [32m'ENOENT'[39m,
  syscall: [32m'open'[39m,
  path: [32m'/home/lazy/.config/Typora/typora-dictionaries/user-dict.json'[39m
}
INFO 7/17/2022, 10:20:45 AM  [Raven] userId = 17955715-282c-42da-b530-3f60bea3a90f
INFO 7/17/2022, 10:20:45 AM  [focus] 2
INFO 7/17/2022, 10:20:45 AM  synced recovery
INFO 7/17/2022, 10:20:45 AM  [blur] 2
INFO 7/17/2022, 10:20:45 AM  [win] blur
INFO 7/17/2022, 10:20:45 AM  [focus] 1
INFO 7/17/2022, 10:20:46 AM  handle document.loadData
INFO 7/17/2022, 10:20:46 AM  [RenderProcess 2][Log] [UndoManager] reset commandStack
INFO 7/17/2022, 10:20:46 AM  [RenderProcess 2][Log] reset NodeMap
INFO 7/17/2022, 10:20:46 AM  synced recovery
INFO 7/17/2022, 10:20:46 AM  [blur] 1
INFO 7/17/2022, 10:20:46 AM  [RenderProcess 2][Log] onBecomeActive
INFO 7/17/2022, 10:20:46 AM  [RenderProcess 2][Log] File.activeWindow = true
INFO 7/17/2022, 10:20:46 AM  [focus] 2
INFO 7/17/2022, 10:20:46 AM  [blur] 2
INFO 7/17/2022, 10:20:46 AM  [win] blur
INFO 7/17/2022, 10:20:46 AM  [focus] 1
INFO 7/17/2022, 10:20:48 AM  [focus] 2
INFO 7/17/2022, 10:20:48 AM  [blur] 2
INFO 7/17/2022, 10:20:48 AM  [win] blur
INFO 7/17/2022, 10:20:48 AM  [focus] 2
INFO 7/17/2022, 10:20:48 AM  [blur] 2
INFO 7/17/2022, 10:20:48 AM  [win] blur
INFO 7/17/2022, 10:20:48 AM  [focus] 2
INFO 7/17/2022, 10:20:55 AM  [blur] 2
INFO 7/17/2022, 10:20:55 AM  [win] blur
INFO 7/17/2022, 10:21:02 AM  [focus] 2
INFO 7/17/2022, 10:21:02 AM  [blur] 2
INFO 7/17/2022, 10:21:02 AM  [win] blur
INFO 7/17/2022, 10:21:02 AM  [focus] 2
INFO 7/17/2022, 10:21:02 AM  [blur] 2
INFO 7/17/2022, 10:21:02 AM  [win] blur
INFO 7/17/2022, 10:21:02 AM  [focus] 2
INFO 7/17/2022, 10:21:02 AM  addRecentDocument
INFO 7/17/2022, 10:21:02 AM  [RenderProcess 2][Log] [UndoManager] reset commandStack
INFO 7/17/2022, 10:21:02 AM  [RenderProcess 2][Log] reset NodeMap
INFO 7/17/2022, 10:21:02 AM  [RenderProcess 2][Log] readContentFrom /home/lazy/Notes/Cycle GAN.md
INFO 7/17/2022, 10:21:02 AM  synced recovery
INFO 7/17/2022, 10:21:24 AM  [blur] 2
INFO 7/17/2022, 10:21:24 AM  [win] blur
INFO 7/17/2022, 10:21:55 AM  [focus] 2
INFO 7/17/2022, 10:21:58 AM  synced recovery
INFO 7/17/2022, 10:22:02 AM  [blur] 2
INFO 7/17/2022, 10:22:02 AM  [win] blur
INFO 7/17/2022, 10:22:03 AM  [focus] 2
INFO 7/17/2022, 10:22:03 AM  [blur] 2
INFO 7/17/2022, 10:22:03 AM  [win] blur
INFO 7/17/2022, 10:25:20 AM  [focus] 2
INFO 7/17/2022, 10:25:22 AM  [blur] 2
INFO 7/17/2022, 10:25:22 AM  [win] blur
INFO 7/17/2022, 10:28:20 AM  [focus] 2
INFO 7/17/2022, 10:28:21 AM  [blur] 2
INFO 7/17/2022, 10:28:21 AM  [win] blur
INFO 7/17/2022, 11:18:50 AM  [focus] 2
INFO 7/17/2022, 11:19:02 AM  [blur] 2
INFO 7/17/2022, 11:19:02 AM  [win] blur
INFO 7/17/2022, 11:19:03 AM  [focus] 2
INFO 7/17/2022, 11:19:04 AM  [blur] 2
INFO 7/17/2022, 11:19:04 AM  [win] blur
INFO 7/17/2022, 11:24:49 AM  [focus] 2
INFO 7/17/2022, 11:24:58 AM  synced recovery
INFO 7/17/2022, 11:25:00 AM  [blur] 2
INFO 7/17/2022, 11:25:00 AM  [win] blur
INFO 7/17/2022, 11:25:01 AM  [focus] 2
INFO 7/17/2022, 11:25:01 AM  [blur] 2
INFO 7/17/2022, 11:25:01 AM  [win] blur
INFO 7/17/2022, 11:25:02 AM  [focus] 2
INFO 7/17/2022, 11:25:03 AM  [blur] 2
INFO 7/17/2022, 11:25:03 AM  [win] blur
INFO 7/17/2022, 11:25:04 AM  [focus] 2
INFO 7/17/2022, 11:25:04 AM  [blur] 2
INFO 7/17/2022, 11:25:04 AM  [win] blur
INFO 7/17/2022, 11:25:04 AM  [focus] 2
INFO 7/17/2022, 11:25:05 AM  [blur] 2
INFO 7/17/2022, 11:25:05 AM  [win] blur
INFO 7/17/2022, 11:25:05 AM  [focus] 2
INFO 7/17/2022, 11:25:05 AM  [blur] 2
INFO 7/17/2022, 11:25:05 AM  [win] blur
INFO 7/17/2022, 11:25:05 AM  [focus] 2
INFO 7/17/2022, 11:25:05 AM  [blur] 2
INFO 7/17/2022, 11:25:05 AM  [win] blur
INFO 7/17/2022, 11:25:05 AM  [focus] 2
INFO 7/17/2022, 11:25:06 AM  [blur] 2
INFO 7/17/2022, 11:25:06 AM  [win] blur
INFO 7/17/2022, 11:25:06 AM  [focus] 2
INFO 7/17/2022, 11:25:08 AM  synced recovery
INFO 7/17/2022, 11:25:11 AM  synced recovery
INFO 7/17/2022, 11:25:13 AM  synced recovery
INFO 7/17/2022, 11:25:16 AM  synced recovery
INFO 7/17/2022, 11:25:20 AM  synced recovery
INFO 7/17/2022, 11:25:24 AM  synced recovery
INFO 7/17/2022, 11:25:25 AM  [blur] 2
INFO 7/17/2022, 11:25:25 AM  [win] blur
INFO 7/17/2022, 11:25:26 AM  [focus] 2
INFO 7/17/2022, 11:25:27 AM  [blur] 2
INFO 7/17/2022, 11:25:27 AM  [win] blur
INFO 7/17/2022, 11:25:28 AM  [focus] 2
INFO 7/17/2022, 11:25:28 AM  [blur] 2
INFO 7/17/2022, 11:25:28 AM  [win] blur
INFO 7/17/2022, 11:25:49 AM  [focus] 2
INFO 7/17/2022, 11:25:54 AM  synced recovery
INFO 7/17/2022, 11:26:01 AM  synced recovery
INFO 7/17/2022, 11:26:04 AM  synced recovery
INFO 7/17/2022, 11:26:04 AM  [blur] 2
INFO 7/17/2022, 11:26:04 AM  [win] blur
INFO 7/17/2022, 11:26:06 AM  [focus] 2
INFO 7/17/2022, 11:26:07 AM  [blur] 2
INFO 7/17/2022, 11:26:07 AM  [win] blur
INFO 7/17/2022, 11:26:53 AM  [focus] 2
INFO 7/17/2022, 11:26:56 AM  synced recovery
INFO 7/17/2022, 11:27:04 AM  synced recovery
INFO 7/17/2022, 11:27:13 AM  synced recovery
INFO 7/17/2022, 11:27:40 AM  [blur] 2
INFO 7/17/2022, 11:27:40 AM  [win] blur
INFO 7/17/2022, 11:27:42 AM  [focus] 2
INFO 7/17/2022, 11:27:49 AM  [blur] 2
INFO 7/17/2022, 11:27:49 AM  [win] blur
INFO 7/17/2022, 11:28:05 AM  [focus] 2
INFO 7/17/2022, 11:28:18 AM  [blur] 2
INFO 7/17/2022, 11:28:18 AM  [win] blur
INFO 7/17/2022, 11:29:24 AM  [focus] 2
INFO 7/17/2022, 11:29:36 AM  [blur] 2
INFO 7/17/2022, 11:29:36 AM  [win] blur
INFO 7/17/2022, 12:16:37 PM  [focus] 2
INFO 7/17/2022, 12:16:38 PM  [blur] 2
INFO 7/17/2022, 12:16:38 PM  [win] blur
INFO 7/17/2022, 12:18:24 PM  [focus] 2
INFO 7/17/2022, 12:18:31 PM  synced recovery
INFO 7/17/2022, 12:18:37 PM  synced recovery
INFO 7/17/2022, 12:18:39 PM  synced recovery
INFO 7/17/2022, 12:18:41 PM  synced recovery
INFO 7/17/2022, 12:18:45 PM  [blur] 2
INFO 7/17/2022, 12:18:45 PM  [win] blur
INFO 7/17/2022, 1:07:35 PM  synced recovery
INFO 7/17/2022, 1:07:35 PM  ----------------before-quit-----------------
INFO 7/18/2022, 5:12:15 PM  launch with argv [/usr/share/typora/Typora]
INFO 7/18/2022, 5:12:15 PM  start LM in devVersion=false
INFO 7/18/2022, 5:12:15 PM  [Raven] instanceKey = 9703856b-26a8-4dcc-ba2d-18e64b2999f4
INFO 7/18/2022, 5:12:15 PM  [watch L]
INFO 7/18/2022, 5:12:15 PM  ls put SLicense
INFO 7/18/2022, 5:12:15 PM  [L] installDate is 7/12/2022, trail remains: 9 days
INFO 7/18/2022, 5:12:15 PM  [watch L] hasL: false
INFO 7/18/2022, 5:12:15 PM  ------------------start------------------
INFO 7/18/2022, 5:12:15 PM  typora version: 1.3.6
INFO 7/18/2022, 5:12:15 PM  undefined
[Error: ENOENT: no such file or directory, open '/home/lazy/.config/Typora/typora-dictionaries/user-dict.json'] {
  errno: [33m-2[39m,
  code: [32m'ENOENT'[39m,
  syscall: [32m'open'[39m,
  path: [32m'/home/lazy/.config/Typora/typora-dictionaries/user-dict.json'[39m
}
INFO 7/18/2022, 5:12:15 PM  launch from abnormal quit
INFO 7/18/2022, 5:12:15 PM  recoverWindow {"id":2,"path":"/home/lazy/Notes/Cycle GAN.md","useCRLF":false,"hasUnsaved":true,"scrollPos":1176,"syncDate":1658031521256,"mountFolder":"/home/lazy/Notes"}
INFO 7/18/2022, 5:12:15 PM  [Raven] userId = 17955715-282c-42da-b530-3f60bea3a90f
INFO 7/18/2022, 5:12:15 PM  [2] recover from content 1638 "## Cycle GAN


...2b20889b.png)

"
INFO 7/18/2022, 5:12:15 PM  addRecentDocument
INFO 7/18/2022, 5:12:15 PM  [focus] 2
INFO 7/18/2022, 5:12:15 PM  synced recovery
INFO 7/18/2022, 5:12:15 PM  [blur] 2
INFO 7/18/2022, 5:12:15 PM  [win] blur
INFO 7/18/2022, 5:12:15 PM  [focus] 1
INFO 7/18/2022, 5:12:15 PM  handle document.loadData
INFO 7/18/2022, 5:12:15 PM  load from recover content length: 1638
INFO 7/18/2022, 5:12:16 PM  [RenderProcess 2][Log] [UndoManager] reset commandStack
INFO 7/18/2022, 5:12:16 PM  [RenderProcess 2][Log] reset NodeMap
INFO 7/18/2022, 5:12:16 PM  [RenderProcess 2][Log] recoverFromBackup
INFO 7/18/2022, 5:12:16 PM  [blur] 1
INFO 7/18/2022, 5:12:16 PM  [focus] 2
INFO 7/18/2022, 5:12:16 PM  synced recovery
INFO 7/18/2022, 5:12:16 PM  [RenderProcess 2][Log] onBecomeActive
INFO 7/18/2022, 5:12:16 PM  [RenderProcess 2][Log] File.activeWindow = true
INFO 7/18/2022, 5:12:16 PM  [blur] 2
INFO 7/18/2022, 5:12:16 PM  [win] blur
INFO 7/18/2022, 5:12:16 PM  [focus] 1
INFO 7/18/2022, 5:12:18 PM  [focus] 2
INFO 7/18/2022, 5:12:18 PM  [blur] 2
INFO 7/18/2022, 5:12:18 PM  [win] blur
INFO 7/18/2022, 5:12:18 PM  [focus] 2
INFO 7/18/2022, 5:12:18 PM  [blur] 2
INFO 7/18/2022, 5:12:18 PM  [win] blur
INFO 7/18/2022, 5:12:18 PM  [focus] 2
INFO 7/18/2022, 5:13:51 PM  [blur] 2
INFO 7/18/2022, 5:13:51 PM  [win] blur
INFO 7/18/2022, 5:13:51 PM  [focus] 2
INFO 7/18/2022, 5:13:52 PM  [blur] 2
INFO 7/18/2022, 5:13:52 PM  [win] blur
INFO 7/18/2022, 5:13:53 PM  [focus] 2
INFO 7/18/2022, 5:13:55 PM  [blur] 2
INFO 7/18/2022, 5:13:55 PM  [win] blur
INFO 7/18/2022, 5:17:00 PM  [focus] 2
INFO 7/18/2022, 5:17:00 PM  [blur] 2
INFO 7/18/2022, 5:17:00 PM  [win] blur
INFO 7/18/2022, 5:18:42 PM  [focus] 2
INFO 7/18/2022, 5:18:43 PM  [blur] 2
INFO 7/18/2022, 5:18:43 PM  [win] blur
INFO 7/18/2022, 5:19:10 PM  [focus] 2
INFO 7/18/2022, 5:19:11 PM  [blur] 2
INFO 7/18/2022, 5:19:11 PM  [win] blur
INFO 7/18/2022, 5:20:51 PM  [focus] 2
INFO 7/18/2022, 5:20:51 PM  [blur] 2
INFO 7/18/2022, 5:20:51 PM  [win] blur
INFO 7/18/2022, 5:25:52 PM  [focus] 2
INFO 7/18/2022, 5:25:52 PM  [blur] 2
INFO 7/18/2022, 5:25:52 PM  [win] blur
INFO 7/18/2022, 5:27:09 PM  [focus] 2
INFO 7/18/2022, 5:27:10 PM  [blur] 2
INFO 7/18/2022, 5:27:10 PM  [win] blur
INFO 7/18/2022, 5:27:24 PM  [focus] 2
INFO 7/18/2022, 5:27:25 PM  [blur] 2
INFO 7/18/2022, 5:27:25 PM  [win] blur
INFO 7/18/2022, 5:27:29 PM  [focus] 2
INFO 7/18/2022, 5:27:30 PM  [blur] 2
INFO 7/18/2022, 5:27:30 PM  [win] blur
INFO 7/18/2022, 5:31:26 PM  [focus] 2
INFO 7/18/2022, 5:31:27 PM  [blur] 2
INFO 7/18/2022, 5:31:27 PM  [win] blur
INFO 7/18/2022, 5:32:45 PM  [focus] 2
INFO 7/18/2022, 5:32:46 PM  [blur] 2
INFO 7/18/2022, 5:32:46 PM  [win] blur
INFO 7/18/2022, 5:32:53 PM  [focus] 2
INFO 7/18/2022, 5:32:53 PM  [blur] 2
INFO 7/18/2022, 5:32:53 PM  [win] blur
INFO 7/18/2022, 5:32:54 PM  [focus] 2
INFO 7/18/2022, 5:32:55 PM  [blur] 2
INFO 7/18/2022, 5:32:55 PM  [win] blur
INFO 7/18/2022, 5:34:31 PM  [focus] 2
INFO 7/18/2022, 5:34:32 PM  [blur] 2
INFO 7/18/2022, 5:34:32 PM  [win] blur
INFO 7/18/2022, 5:34:46 PM  [focus] 2
INFO 7/18/2022, 5:34:47 PM  [blur] 2
INFO 7/18/2022, 5:34:47 PM  [win] blur
INFO 7/18/2022, 5:37:26 PM  [focus] 2
INFO 7/18/2022, 5:37:26 PM  [blur] 2
INFO 7/18/2022, 5:37:26 PM  [win] blur
INFO 7/18/2022, 5:55:53 PM  [focus] 2
INFO 7/18/2022, 5:55:53 PM  [blur] 2
INFO 7/18/2022, 5:55:53 PM  [win] blur
INFO 7/18/2022, 6:02:54 PM  [focus] 2
INFO 7/18/2022, 6:03:02 PM  synced recovery
INFO 7/18/2022, 6:03:24 PM  synced recovery
INFO 7/18/2022, 6:03:29 PM  [blur] 2
INFO 7/18/2022, 6:03:29 PM  [win] blur
INFO 7/18/2022, 6:04:59 PM  [focus] 2
INFO 7/18/2022, 6:05:01 PM  [blur] 2
INFO 7/18/2022, 6:05:01 PM  [win] blur
INFO 7/18/2022, 6:31:24 PM  [focus] 2
INFO 7/18/2022, 6:31:25 PM  [blur] 2
INFO 7/18/2022, 6:31:25 PM  [win] blur
INFO 7/18/2022, 6:34:53 PM  [focus] 2
INFO 7/18/2022, 6:34:53 PM  [blur] 2
INFO 7/18/2022, 6:34:53 PM  [win] blur
INFO 7/18/2022, 6:34:54 PM  [focus] 2
INFO 7/18/2022, 6:34:54 PM  [blur] 2
INFO 7/18/2022, 6:34:54 PM  [win] blur
INFO 7/18/2022, 6:35:03 PM  [focus] 2
INFO 7/18/2022, 6:35:03 PM  [blur] 2
INFO 7/18/2022, 6:35:03 PM  [win] blur
INFO 7/18/2022, 6:57:43 PM  [focus] 2
INFO 7/18/2022, 6:57:45 PM  [blur] 2
INFO 7/18/2022, 6:57:45 PM  [win] blur
INFO 7/18/2022, 6:58:00 PM  [focus] 2
INFO 7/18/2022, 6:58:01 PM  [blur] 2
INFO 7/18/2022, 6:58:01 PM  [win] blur
INFO 7/18/2022, 7:21:11 PM  [focus] 2
INFO 7/18/2022, 7:21:12 PM  [blur] 2
INFO 7/18/2022, 7:21:12 PM  [win] blur
INFO 7/18/2022, 7:21:19 PM  [focus] 2
INFO 7/18/2022, 7:21:19 PM  [blur] 2
INFO 7/18/2022, 7:21:19 PM  [win] blur
INFO 7/18/2022, 7:21:21 PM  [focus] 2
INFO 7/18/2022, 7:21:21 PM  [blur] 2
INFO 7/18/2022, 7:21:21 PM  [win] blur
INFO 7/18/2022, 7:32:41 PM  [focus] 2
INFO 7/18/2022, 7:32:42 PM  [blur] 2
INFO 7/18/2022, 7:32:42 PM  [win] blur
INFO 7/18/2022, 7:34:29 PM  [focus] 2
INFO 7/18/2022, 7:34:30 PM  [blur] 2
INFO 7/18/2022, 7:34:30 PM  [win] blur
INFO 7/18/2022, 7:34:48 PM  [focus] 2
INFO 7/18/2022, 7:34:49 PM  [blur] 2
INFO 7/18/2022, 7:34:49 PM  [win] blur
INFO 7/18/2022, 7:34:50 PM  [focus] 2
INFO 7/18/2022, 7:34:50 PM  [blur] 2
INFO 7/18/2022, 7:34:50 PM  [win] blur
INFO 7/18/2022, 7:35:09 PM  [focus] 2
INFO 7/18/2022, 7:35:10 PM  [blur] 2
INFO 7/18/2022, 7:35:10 PM  [win] blur
INFO 7/18/2022, 7:56:38 PM  [focus] 2
INFO 7/18/2022, 7:56:39 PM  [blur] 2
INFO 7/18/2022, 7:56:39 PM  [win] blur
INFO 7/18/2022, 7:56:39 PM  [focus] 2
INFO 7/18/2022, 7:56:41 PM  synced recovery
INFO 7/18/2022, 7:56:43 PM  synced recovery
INFO 7/18/2022, 7:56:43 PM  ----------------before-quit-----------------
INFO 7/18/2022, 7:56:43 PM  ------------------will-quit------------------
INFO 7/18/2022, 7:56:43 PM  -----------------quit------------------
INFO 7/18/2022, 7:56:43 PM  closeLogging
INFO 7/20/2022, 5:35:44 PM  launch with argv [/usr/share/typora/Typora]
INFO 7/20/2022, 5:35:44 PM  start LM in devVersion=false
INFO 7/20/2022, 5:35:44 PM  [Raven] instanceKey = f2268dd1-ed6d-48a6-95ee-60d7f9880590
INFO 7/20/2022, 5:35:44 PM  [watch L]
INFO 7/20/2022, 5:35:44 PM  ls put SLicense
INFO 7/20/2022, 5:35:44 PM  [L] installDate is 7/12/2022, trail remains: 7 days
INFO 7/20/2022, 5:35:44 PM  [watch L] hasL: false
INFO 7/20/2022, 5:35:44 PM  ------------------start------------------
INFO 7/20/2022, 5:35:44 PM  typora version: 1.3.6
INFO 7/20/2022, 5:35:44 PM  undefined
[Error: ENOENT: no such file or directory, open '/home/lazy/.config/Typora/typora-dictionaries/user-dict.json'] {
  errno: [33m-2[39m,
  code: [32m'ENOENT'[39m,
  syscall: [32m'open'[39m,
  path: [32m'/home/lazy/.config/Typora/typora-dictionaries/user-dict.json'[39m
}
INFO 7/20/2022, 5:35:45 PM  [Raven] userId = 17955715-282c-42da-b530-3f60bea3a90f
INFO 7/20/2022, 5:35:45 PM  [focus] 1
INFO 7/20/2022, 5:35:45 PM  synced recovery
INFO 7/20/2022, 5:35:45 PM  [blur] 1
INFO 7/20/2022, 5:35:45 PM  [win] blur
INFO 7/20/2022, 5:35:45 PM  [focus] 2
INFO 7/20/2022, 5:35:45 PM  handle document.loadData
INFO 7/20/2022, 5:35:45 PM  [RenderProcess 1][Log] [UndoManager] reset commandStack
INFO 7/20/2022, 5:35:45 PM  [RenderProcess 1][Log] reset NodeMap
INFO 7/20/2022, 5:35:45 PM  synced recovery
INFO 7/20/2022, 5:35:45 PM  [blur] 2
INFO 7/20/2022, 5:35:45 PM  [focus] 1
INFO 7/20/2022, 5:35:45 PM  [RenderProcess 1][Log] onBecomeActive
INFO 7/20/2022, 5:35:45 PM  [RenderProcess 1][Log] File.activeWindow = true
INFO 7/20/2022, 5:35:47 PM  [blur] 1
INFO 7/20/2022, 5:35:47 PM  [win] blur
INFO 7/20/2022, 5:35:47 PM  [focus] 2
INFO 7/20/2022, 5:35:47 PM  [focus] 1
INFO 7/20/2022, 5:35:47 PM  [blur] 1
INFO 7/20/2022, 5:35:47 PM  [win] blur
INFO 7/20/2022, 5:35:47 PM  [focus] 1
INFO 7/20/2022, 5:35:47 PM  [blur] 1
INFO 7/20/2022, 5:35:47 PM  [win] blur
INFO 7/20/2022, 5:35:47 PM  [focus] 1
INFO 7/20/2022, 5:35:52 PM  synced recovery
INFO 7/20/2022, 5:35:59 PM  synced recovery
INFO 7/20/2022, 5:36:00 PM  synced recovery
INFO 7/20/2022, 5:36:05 PM  synced recovery
INFO 7/20/2022, 5:36:07 PM  synced recovery
INFO 7/20/2022, 5:36:08 PM  synced recovery
INFO 7/20/2022, 5:36:11 PM  synced recovery
INFO 7/20/2022, 5:36:13 PM  synced recovery
INFO 7/20/2022, 5:36:17 PM  synced recovery
INFO 7/20/2022, 5:36:19 PM  synced recovery
INFO 7/20/2022, 5:36:21 PM  synced recovery
INFO 7/20/2022, 5:36:24 PM  synced recovery
INFO 7/20/2022, 5:36:29 PM  synced recovery
INFO 7/20/2022, 5:36:33 PM  synced recovery
INFO 7/20/2022, 5:36:37 PM  synced recovery
INFO 7/20/2022, 5:36:41 PM  synced recovery
INFO 7/20/2022, 5:36:43 PM  synced recovery
INFO 7/20/2022, 5:36:47 PM  synced recovery
INFO 7/20/2022, 5:36:51 PM  synced recovery
INFO 7/20/2022, 5:36:53 PM  synced recovery
INFO 7/20/2022, 5:36:57 PM  synced recovery
INFO 7/20/2022, 5:37:06 PM  synced recovery
INFO 7/20/2022, 5:37:11 PM  synced recovery
INFO 7/20/2022, 5:37:15 PM  synced recovery
INFO 7/20/2022, 5:37:18 PM  synced recovery
INFO 7/20/2022, 5:37:23 PM  synced recovery
INFO 7/20/2022, 5:37:27 PM  synced recovery
INFO 7/20/2022, 5:37:30 PM  synced recovery
INFO 7/20/2022, 5:37:33 PM  synced recovery
INFO 7/20/2022, 5:37:39 PM  synced recovery
INFO 7/20/2022, 5:37:43 PM  synced recovery
INFO 7/20/2022, 5:37:48 PM  synced recovery
INFO 7/20/2022, 5:37:52 PM  synced recovery
INFO 7/20/2022, 5:37:56 PM  synced recovery
INFO 7/20/2022, 5:37:58 PM  synced recovery
INFO 7/20/2022, 5:38:00 PM  synced recovery
INFO 7/20/2022, 5:38:01 PM  synced recovery
INFO 7/20/2022, 5:38:05 PM  synced recovery
INFO 7/20/2022, 5:38:09 PM  synced recovery
INFO 7/20/2022, 5:38:10 PM  synced recovery
INFO 7/20/2022, 5:38:15 PM  synced recovery
INFO 7/20/2022, 5:38:18 PM  synced recovery
INFO 7/20/2022, 5:38:21 PM  synced recovery
INFO 7/20/2022, 5:38:24 PM  synced recovery
INFO 7/20/2022, 5:38:25 PM  synced recovery
INFO 7/20/2022, 5:38:29 PM  synced recovery
INFO 7/20/2022, 5:38:30 PM  synced recovery
INFO 7/20/2022, 5:38:31 PM  synced recovery
INFO 7/20/2022, 5:38:35 PM  synced recovery
INFO 7/20/2022, 5:44:52 PM  [blur] 1
INFO 7/20/2022, 5:44:52 PM  [win] blur
INFO 7/20/2022, 5:44:55 PM  [focus] 1
INFO 7/20/2022, 5:44:56 PM  [blur] 1
INFO 7/20/2022, 5:44:56 PM  [win] blur
INFO 7/20/2022, 5:44:57 PM  [focus] 1
INFO 7/20/2022, 5:44:57 PM  [blur] 1
INFO 7/20/2022, 5:44:57 PM  [win] blur
INFO 7/20/2022, 5:44:57 PM  [focus] 1
INFO 7/20/2022, 5:44:57 PM  [blur] 1
INFO 7/20/2022, 5:44:57 PM  [win] blur
INFO 7/20/2022, 5:44:57 PM  [focus] 1
INFO 7/20/2022, 5:44:57 PM  [blur] 1
INFO 7/20/2022, 5:44:57 PM  [win] blur
INFO 7/20/2022, 5:44:58 PM  [focus] 1
INFO 7/20/2022, 5:44:58 PM  [blur] 1
INFO 7/20/2022, 5:44:58 PM  [win] blur
INFO 7/20/2022, 5:44:58 PM  [focus] 1
INFO 7/20/2022, 5:44:58 PM  [blur] 1
INFO 7/20/2022, 5:44:58 PM  [win] blur
INFO 7/20/2022, 5:44:58 PM  [focus] 1
INFO 7/20/2022, 5:44:59 PM  [blur] 1
INFO 7/20/2022, 5:44:59 PM  [win] blur
INFO 7/20/2022, 5:44:59 PM  [focus] 1
INFO 7/20/2022, 5:44:59 PM  [blur] 1
INFO 7/20/2022, 5:44:59 PM  [win] blur
INFO 7/20/2022, 5:45:00 PM  [focus] 1
INFO 7/20/2022, 5:45:00 PM  [blur] 1
INFO 7/20/2022, 5:45:00 PM  [win] blur
INFO 7/20/2022, 5:45:00 PM  [focus] 1
INFO 7/20/2022, 5:45:00 PM  [blur] 1
INFO 7/20/2022, 5:45:00 PM  [win] blur
INFO 7/20/2022, 5:45:02 PM  [focus] 1
INFO 7/20/2022, 5:45:02 PM  [blur] 1
INFO 7/20/2022, 5:45:02 PM  [win] blur
INFO 7/20/2022, 5:45:02 PM  [focus] 1
INFO 7/20/2022, 5:45:02 PM  [blur] 1
INFO 7/20/2022, 5:45:02 PM  [win] blur
INFO 7/20/2022, 5:45:03 PM  [focus] 1
INFO 7/20/2022, 5:45:03 PM  [blur] 1
INFO 7/20/2022, 5:45:03 PM  [win] blur
INFO 7/20/2022, 5:45:03 PM  [focus] 1
INFO 7/20/2022, 5:45:04 PM  [blur] 1
INFO 7/20/2022, 5:45:04 PM  [win] blur
INFO 7/20/2022, 5:45:04 PM  [focus] 1
INFO 7/20/2022, 5:45:04 PM  [blur] 1
INFO 7/20/2022, 5:45:04 PM  [win] blur
INFO 7/20/2022, 5:45:05 PM  [focus] 1
INFO 7/20/2022, 5:57:21 PM  [blur] 1
INFO 7/20/2022, 5:57:21 PM  [win] blur
INFO 7/20/2022, 6:52:19 PM  [focus] 1
INFO 7/20/2022, 6:52:20 PM  [blur] 1
INFO 7/20/2022, 6:52:20 PM  [win] blur
INFO 7/20/2022, 6:52:21 PM  [focus] 1
INFO 7/20/2022, 6:52:22 PM  [blur] 1
INFO 7/20/2022, 6:52:22 PM  [win] blur
INFO 7/20/2022, 6:57:52 PM  [focus] 1
INFO 7/20/2022, 6:57:53 PM  [blur] 1
INFO 7/20/2022, 6:57:53 PM  [win] blur
INFO 7/20/2022, 9:44:44 PM  [focus] 1
INFO 7/20/2022, 9:44:48 PM  synced recovery
INFO 7/20/2022, 9:44:53 PM  synced recovery
INFO 7/20/2022, 9:44:53 PM  ----------------before-quit-----------------
INFO 7/20/2022, 9:44:53 PM  ------------------will-quit------------------
INFO 7/20/2022, 9:44:53 PM  -----------------quit------------------
INFO 7/20/2022, 9:44:53 PM  closeLogging
INFO 7/20/2022, 9:45:11 PM  launch with argv [/usr/share/typora/Typora]
INFO 7/20/2022, 9:45:11 PM  start LM in devVersion=false
INFO 7/20/2022, 9:45:11 PM  [Raven] instanceKey = 585aa8e6-49ce-4168-b199-968c09d55e7b
INFO 7/20/2022, 9:45:11 PM  [watch L]
INFO 7/20/2022, 9:45:11 PM  ls put SLicense
INFO 7/20/2022, 9:45:11 PM  [L] installDate is 7/12/2022, trail remains: 7 days
INFO 7/20/2022, 9:45:11 PM  [watch L] hasL: false
INFO 7/20/2022, 9:45:11 PM  ------------------start------------------
INFO 7/20/2022, 9:45:11 PM  typora version: 1.3.6
INFO 7/20/2022, 9:45:11 PM  undefined
[Error: ENOENT: no such file or directory, open '/home/lazy/.config/Typora/typora-dictionaries/user-dict.json'] {
  errno: [33m-2[39m,
  code: [32m'ENOENT'[39m,
  syscall: [32m'open'[39m,
  path: [32m'/home/lazy/.config/Typora/typora-dictionaries/user-dict.json'[39m
}
INFO 7/20/2022, 9:45:11 PM  [Raven] userId = 17955715-282c-42da-b530-3f60bea3a90f
INFO 7/20/2022, 9:45:11 PM  [focus] 2
INFO 7/20/2022, 9:45:11 PM  synced recovery
INFO 7/20/2022, 9:45:11 PM  [blur] 2
INFO 7/20/2022, 9:45:11 PM  [win] blur
INFO 7/20/2022, 9:45:11 PM  [focus] 1
INFO 7/20/2022, 9:45:11 PM  handle document.loadData
INFO 7/20/2022, 9:45:11 PM  [RenderProcess 2][Log] [UndoManager] reset commandStack
INFO 7/20/2022, 9:45:11 PM  [RenderProcess 2][Log] reset NodeMap
INFO 7/20/2022, 9:45:12 PM  synced recovery
INFO 7/20/2022, 9:45:12 PM  [blur] 1
INFO 7/20/2022, 9:45:12 PM  [focus] 2
INFO 7/20/2022, 9:45:12 PM  [RenderProcess 2][Log] onBecomeActive
INFO 7/20/2022, 9:45:12 PM  [RenderProcess 2][Log] File.activeWindow = true
INFO 7/20/2022, 9:45:12 PM  [blur] 2
INFO 7/20/2022, 9:45:12 PM  [win] blur
INFO 7/20/2022, 9:45:12 PM  [focus] 1
INFO 7/20/2022, 9:45:13 PM  [focus] 2
INFO 7/20/2022, 9:45:13 PM  [blur] 2
INFO 7/20/2022, 9:45:13 PM  [win] blur
INFO 7/20/2022, 9:45:13 PM  [focus] 2
INFO 7/20/2022, 9:45:13 PM  [blur] 2
INFO 7/20/2022, 9:45:13 PM  [win] blur
INFO 7/20/2022, 9:45:13 PM  [focus] 2
INFO 7/20/2022, 9:45:17 PM  synced recovery
INFO 7/20/2022, 9:45:20 PM  synced recovery
INFO 7/20/2022, 9:45:21 PM  synced recovery
INFO 7/20/2022, 9:45:24 PM  [blur] 2
INFO 7/20/2022, 9:45:24 PM  [win] blur
INFO 7/20/2022, 9:45:33 PM  [focus] 2
INFO 7/20/2022, 9:45:33 PM  [blur] 2
INFO 7/20/2022, 9:45:33 PM  [win] blur
INFO 7/20/2022, 9:45:34 PM  [focus] 2
INFO 7/20/2022, 9:45:34 PM  [blur] 2
INFO 7/20/2022, 9:45:34 PM  [win] blur
INFO 7/20/2022, 9:45:34 PM  [focus] 2
INFO 7/20/2022, 9:45:34 PM  [blur] 2
INFO 7/20/2022, 9:45:34 PM  [win] blur
INFO 7/20/2022, 9:45:34 PM  [focus] 2
INFO 7/20/2022, 9:45:34 PM  addRecentDocument
INFO 7/20/2022, 9:45:34 PM  synced recovery
INFO 7/20/2022, 9:45:36 PM  [blur] 2
INFO 7/20/2022, 9:45:36 PM  [win] blur
INFO 7/20/2022, 9:59:44 PM  [focus] 2
INFO 7/20/2022, 9:59:45 PM  [blur] 2
INFO 7/20/2022, 9:59:45 PM  [win] blur
INFO 7/20/2022, 10:28:41 PM  [focus] 2
INFO 7/20/2022, 10:28:42 PM  [blur] 2
INFO 7/20/2022, 10:28:42 PM  [win] blur
INFO 7/20/2022, 10:38:05 PM  [focus] 2
INFO 7/20/2022, 10:38:06 PM  [blur] 2
INFO 7/20/2022, 10:38:06 PM  [win] blur
INFO 7/20/2022, 10:39:38 PM  [focus] 2
INFO 7/20/2022, 10:39:39 PM  [blur] 2
INFO 7/20/2022, 10:39:39 PM  [win] blur
INFO 7/20/2022, 10:39:40 PM  [focus] 2
INFO 7/20/2022, 10:41:11 PM  [blur] 2
INFO 7/20/2022, 10:41:11 PM  [win] blur
INFO 7/20/2022, 10:41:11 PM  [focus] 2
INFO 7/20/2022, 10:41:13 PM  [blur] 2
INFO 7/20/2022, 10:41:13 PM  [win] blur
INFO 7/20/2022, 10:41:14 PM  [focus] 2
INFO 7/20/2022, 10:41:15 PM  [blur] 2
INFO 7/20/2022, 10:41:15 PM  [win] blur
INFO 7/20/2022, 10:58:40 PM  [focus] 2
INFO 7/20/2022, 10:58:42 PM  synced recovery
INFO 7/20/2022, 10:58:42 PM  ----------------before-quit-----------------
INFO 7/20/2022, 10:58:42 PM  ------------------will-quit------------------
INFO 7/20/2022, 10:58:42 PM  -----------------quit------------------
INFO 7/20/2022, 10:58:42 PM  closeLogging
