00:00:00.282632 VirtualBox GUI VM Selector Window 6.1.36 r152435 linux.amd64 (Jul 21 2022 10:08:57) release log
00:00:00.282636 Log opened 2022-07-23T08:19:19.228142000Z
00:00:00.282637 Build Type: release
00:00:00.282641 OS Product: Linux
00:00:00.282643 OS Release: 5.18.12-arch1-1
00:00:00.282645 OS Version: #1 SMP PREEMPT_DYNAMIC Fri, 15 Jul 2022 15:33:02 +0000
00:00:00.282687 DMI Product Name: ROG Flow Z13 GZ301ZA_GZ301ZA
00:00:00.282703 DMI Product Version: 1.0       
00:00:00.282711 Firmware type: UEFI
00:00:00.283100 Secure Boot: Disabled
00:00:00.283166 Host RAM: 15693MB (15.3GB) total, 11926MB (11.6GB) available
00:00:00.283171 Executable: /usr/lib/virtualbox/VirtualBox
00:00:00.283172 Process ID: 65651
00:00:00.283173 Package type: LINUX_64BITS_GENERIC (OSE)
00:00:00.283232 Qt version: 5.15.5
00:00:00.296341 GUI: UIMediumEnumerator: Medium-enumeration started...
00:00:00.296381 GUI: UIMediumEnumerator: Medium-enumeration finished!
00:00:05.310622 GUI: UIInvisibleWindow::sltFallback: Move event haven't came. Screen: 0, work area: 765x479 x 75x50
00:00:05.310650 GUI: UIDesktopWidgetWatchdog::sltHandleHostScreenAvailableGeometryCalculated: Screen 0 work area is actually resized to: 765x479 x 75x50
00:25:20.540497 GUI: UIMediumEnumerator: Medium with key={{c0742f77-f62b-4078-98f2-930863d21e7a}} created
00:25:20.596923 GUI: UIMediumEnumerator: Medium-enumeration finished!
00:25:27.478375 GUI: UIMediumEnumerator: Medium-enumeration finished!
00:25:27.528649 GUI: UIMediumEnumerator: Medium-enumeration finished!
00:25:52.740536 ERROR [COM]: aRC=NS_ERROR_UNEXPECTED (0x8000ffff) aIID={c0447716-ff5a-4795-b57a-ecd5fffa18a4} aComponent={SessionWrap} aText={The session is not locked (session state: Unlocked)}, preserve=false aResultDetail=0
